#
# A fatal error has been detected by the Java Runtime Environment:
#
#  EXCEPTION_ACCESS_VIOLATION (0xc0000005) at pc=0x00007fffe2594443, pid=11848, tid=5748
#
# JRE version: OpenJDK Runtime Environment AdoptOpenJDK (14.0.2+12) (build 14.0.2+12)
# Java VM: OpenJDK 64-Bit Server VM AdoptOpenJDK (14.0.2+12, mixed mode, sharing, tiered, compressed oops, g1 gc, windows-amd64)
# Problematic frame:
# C  [atio6axx.dll+0x15d4443]
#
# No core dump will be written. Minidumps are not enabled by default on client versions of Windows
#
# If you would like to submit a bug report, please visit:
#   https://github.com/AdoptOpenJDK/openjdk-support/issues
# The crash happened outside the Java Virtual Machine in native code.
# See problematic frame for where to report the bug.
#

---------------  S U M M A R Y ------------

Command Line: -Dfile.encoding=windows-1252 -Duser.country=US -Duser.language=en -Duser.variant educanet.Main

Host: Intel(R) Core(TM) i5-9400F CPU @ 2.90GHz, 6 cores, 15G,  Windows 10 , 64 bit Build 19041 (10.0.19041.928)
Time: Thu May  6 21:06:19 2021 Central Europe Daylight Time elapsed time: 3655 seconds (0d 1h 0m 55s)

---------------  T H R E A D  ---------------

Current thread (0x000002673c1da800):  JavaThread "main" [_thread_in_native, id=5748, stack(0x0000008364c00000,0x0000008364d00000)]

Stack: [0x0000008364c00000,0x0000008364d00000],  sp=0x0000008364cff070,  free space=1020k
Native frames: (J=compiled Java code, j=interpreted, Vv=VM code, C=native code)
C  [atio6axx.dll+0x15d4443]

Java frames: (J=compiled Java code, j=interpreted, Vv=VM code)
J 740  org.lwjgl.system.JNI.invokeV(J)V (0 bytes) @ 0x000002674c76b171 [0x000002674c76b120+0x0000000000000051]
j  org.lwjgl.glfw.GLFW.glfwTerminate()V+5
j  educanet.Main.main([Ljava/lang/String;)V+136
v  ~StubRoutines::call_stub

siginfo: EXCEPTION_ACCESS_VIOLATION (0xc0000005), reading address 0x000000000000001c


Register to memory mapping:

RIP=0x00007fffe2594443 atio6axx.dll
RAX=0x0 is NULL
RBX=0x0000008364cff0e8 is pointing into the stack for thread: 0x000002673c1da800
RCX=0x00000267646036a0 points into unknown readable memory: 00 02 00 00 01 00 00 00
RDX=0x0 is NULL
RSP=0x0000008364cff070 is pointing into the stack for thread: 0x000002673c1da800
RBP=0x00007fffe0fc0000 atio6axx.dll
RSI=0x00000267646036a0 points into unknown readable memory: 00 02 00 00 01 00 00 00
RDI=0x0000000000000001 is an unknown value
R8 =0x0000008364cff0e8 is pointing into the stack for thread: 0x000002673c1da800
R9 =0x000002676472bd70 points into unknown readable memory: 08 23 c7 e2 ff 7f 00 00
R10=0x0000000000008000 is an unknown value
R11=0x0000008364cff0a8 is pointing into the stack for thread: 0x000002673c1da800
R12=0x000002676433d0b8 points into unknown readable memory: e8 d0 33 64 67 02 00 00
R13=0x0000000000000006 is an unknown value
R14=0x0 is NULL
R15=0x000002676433d0e8 points into unknown readable memory: 28 25 c7 e2 ff 7f 00 00


Registers:
RAX=0x0000000000000000, RBX=0x0000008364cff0e8, RCX=0x00000267646036a0, RDX=0x0000000000000000
RSP=0x0000008364cff070, RBP=0x00007fffe0fc0000, RSI=0x00000267646036a0, RDI=0x0000000000000001
R8 =0x0000008364cff0e8, R9 =0x000002676472bd70, R10=0x0000000000008000, R11=0x0000008364cff0a8
R12=0x000002676433d0b8, R13=0x0000000000000006, R14=0x0000000000000000, R15=0x000002676433d0e8
RIP=0x00007fffe2594443, EFLAGS=0x0000000000010202

Top of Stack: (sp=0x0000008364cff070)
0x0000008364cff070:   00000267644891c0 0000000000000000
0x0000008364cff080:   00007fffe2bdd8e0 0000000000000000
0x0000008364cff090:   00000267646036a0 00007fffe2b5a01b
0x0000008364cff0a0:   0000008364cff100 0000000000000001
0x0000008364cff0b0:   0000026764c12c90 0000000000001674
0x0000008364cff0c0:   00007fffe39abed8 000002676472bd70
0x0000008364cff0d0:   00000267646036a0 00007fffe2b641f5
0x0000008364cff0e0:   0000026764c80818 0000000000000000
0x0000008364cff0f0:   000002676472bd70 0000000000001674
0x0000008364cff100:   000002676472bd70 00000267646036a0
0x0000008364cff110:   000002676472bd70 000002676472bd70
0x0000008364cff120:   00000000ffffffff 0000000000000000
0x0000008364cff130:   0000000000000000 0000026760bc7620
0x0000008364cff140:   00000000ffffffff 00000267646036a0
0x0000008364cff150:   000002676433c590 0000000000000000
0x0000008364cff160:   0000026764c806c0 00007fffe2bd58f4 

Instructions: (pc=0x00007fffe2594443)
0x00007fffe2594343:   59 20 48 89 53 10 48 89 53 08 48 89 1e 48 83 c6
0x00007fffe2594353:   08 49 83 ef 01 0f 85 02 ff ff ff 4c 8b 7c 24 20
0x00007fffe2594363:   4c 8b 64 24 28 48 8b 7c 24 60 48 8b 6c 24 58 48
0x00007fffe2594373:   8b 5c 24 50 48 83 c4 30 41 5e 41 5d 5e c3 0f 1f
0x00007fffe2594383:   00 7c 42 5d 01 9a 42 5d 01 7c 42 5d 01 7c 42 5d
0x00007fffe2594393:   01 d5 42 5d 01 d5 42 5d 01 7c 42 5d 01 7c 42 5d
0x00007fffe25943a3:   01 d5 42 5d 01 d5 42 5d 01 d5 42 5d 01 d5 42 5d
0x00007fffe25943b3:   01 d5 42 5d 01 d5 42 5d 01 d5 42 5d 01 b5 42 5d
0x00007fffe25943c3:   01 f7 42 5d 01 00 43 5d 01 00 43 5d 01 00 43 5d
0x00007fffe25943d3:   01 4d 43 5d 01 4d 43 5d 01 09 43 5d 01 12 43 5d
0x00007fffe25943e3:   01 4d 43 5d 01 4d 43 5d 01 4d 43 5d 01 4d 43 5d
0x00007fffe25943f3:   01 4d 43 5d 01 4d 43 5d 01 4d 43 5d 01 1b 43 5d
0x00007fffe2594403:   01 cc cc cc cc cc cc cc cc cc cc cc cc 85 d2 0f
0x00007fffe2594413:   84 f8 00 00 00 48 89 5c 24 18 56 48 83 ec 20 48
0x00007fffe2594423:   89 6c 24 30 49 8b d8 48 89 7c 24 38 48 8d 2d ca
0x00007fffe2594433:   bb a2 fe 8b fa 48 8b f1 0f 1f 44 00 00 48 8b 13
0x00007fffe2594443:   8b 42 1c 85 c0 78 0a ff 4a 18 0f ba e8 1f 89 42
0x00007fffe2594453:   1c 8b 4a 18 85 c9 0f 85 8f 00 00 00 03 c0 d1 f8
0x00007fffe2594463:   83 c0 f9 83 f8 0f 77 7b 48 98 8b 8c 85 14 45 5d
0x00007fffe2594473:   01 48 03 cd ff e1 48 8b 8e d0 01 00 00 eb 22 48
0x00007fffe2594483:   8b 8e d8 01 00 00 eb 19 48 8b 8e f0 01 00 00 eb
0x00007fffe2594493:   10 48 8b 8e f8 01 00 00 eb 07 48 8b 8e 20 02 00
0x00007fffe25944a3:   00 48 3b 51 18 75 0a 48 8b 42 10 48 89 41 18 eb
0x00007fffe25944b3:   11 4c 8b 42 08 4d 85 c0 74 08 48 8b 42 10 49 89
0x00007fffe25944c3:   40 10 48 3b 51 20 75 0a 48 8b 42 08 48 89 41 20
0x00007fffe25944d3:   eb 11 48 8b 4a 10 48 85 c9 74 08 48 8b 42 08 48
0x00007fffe25944e3:   89 41 08 48 8b ce e8 b2 89 00 00 48 83 c3 08 48
0x00007fffe25944f3:   83 ef 01 0f 85 44 ff ff ff 48 8b 7c 24 38 48 8b
0x00007fffe2594503:   6c 24 30 48 8b 5c 24 40 48 83 c4 20 5e c3 0f 1f
0x00007fffe2594513:   00 79 44 5d 01 82 44 5d 01 82 44 5d 01 82 44 5d
0x00007fffe2594523:   01 e6 44 5d 01 e6 44 5d 01 8b 44 5d 01 94 44 5d
0x00007fffe2594533:   01 e6 44 5d 01 e6 44 5d 01 e6 44 5d 01 e6 44 5d 


Stack slot to memory mapping:
stack at sp + 0 slots: 0x00000267644891c0 points into unknown readable memory: c0 24 c7 e2 ff 7f 00 00
stack at sp + 1 slots: 0x0 is NULL
stack at sp + 2 slots: 0x00007fffe2bdd8e0 atio6axx.dll
stack at sp + 3 slots: 0x0 is NULL
stack at sp + 4 slots: 0x00000267646036a0 points into unknown readable memory: 00 02 00 00 01 00 00 00
stack at sp + 5 slots: 0x00007fffe2b5a01b atio6axx.dll
stack at sp + 6 slots: 0x0000008364cff100 is pointing into the stack for thread: 0x000002673c1da800
stack at sp + 7 slots: 0x0000000000000001 is an unknown value


---------------  P R O C E S S  ---------------

Threads class SMR info:
_java_thread_list=0x00000267607c0000, length=11, elements={
0x000002673c1da800, 0x000002675fe24800, 0x000002675fe25800, 0x000002675fe43800,
0x000002675fe46800, 0x000002675fe47800, 0x000002675fe49000, 0x000002675fe4c800,
0x000002675fe4d800, 0x000002676082e800, 0x0000026760819000
}

Java Threads: ( => current thread )
=>0x000002673c1da800 JavaThread "main" [_thread_in_native, id=5748, stack(0x0000008364c00000,0x0000008364d00000)]
  0x000002675fe24800 JavaThread "Reference Handler" daemon [_thread_blocked, id=15784, stack(0x0000008365300000,0x0000008365400000)]
  0x000002675fe25800 JavaThread "Finalizer" daemon [_thread_blocked, id=18252, stack(0x0000008365400000,0x0000008365500000)]
  0x000002675fe43800 JavaThread "Signal Dispatcher" daemon [_thread_blocked, id=12904, stack(0x0000008365500000,0x0000008365600000)]
  0x000002675fe46800 JavaThread "Attach Listener" daemon [_thread_blocked, id=17756, stack(0x0000008365600000,0x0000008365700000)]
  0x000002675fe47800 JavaThread "Service Thread" daemon [_thread_blocked, id=9220, stack(0x0000008365700000,0x0000008365800000)]
  0x000002675fe49000 JavaThread "C2 CompilerThread0" daemon [_thread_blocked, id=17360, stack(0x0000008365800000,0x0000008365900000)]
  0x000002675fe4c800 JavaThread "C1 CompilerThread0" daemon [_thread_blocked, id=11216, stack(0x0000008365900000,0x0000008365a00000)]
  0x000002675fe4d800 JavaThread "Sweeper thread" daemon [_thread_blocked, id=11448, stack(0x0000008365a00000,0x0000008365b00000)]
  0x000002676082e800 JavaThread "Notification Thread" daemon [_thread_blocked, id=12712, stack(0x0000008365b00000,0x0000008365c00000)]
  0x0000026760819000 JavaThread "Common-Cleaner" daemon [_thread_blocked, id=6640, stack(0x0000008365d00000,0x0000008365e00000)]

Other Threads:
  0x000002675fe1f000 VMThread "VM Thread" [stack: 0x0000008365200000,0x0000008365300000] [id=14188]
  0x000002676082f000 WatcherThread [stack: 0x0000008365c00000,0x0000008365d00000] [id=7684]
  0x000002673c243000 GCTaskThread "GC Thread#0" [stack: 0x0000008364d00000,0x0000008364e00000] [id=8312]
  0x0000026764e29800 GCTaskThread "GC Thread#1" [stack: 0x0000008366100000,0x0000008366200000] [id=16308]
  0x0000026760926000 GCTaskThread "GC Thread#2" [stack: 0x0000008366200000,0x0000008366300000] [id=1800]
  0x0000026764f5c800 GCTaskThread "GC Thread#3" [stack: 0x0000008366300000,0x0000008366400000] [id=3068]
  0x0000026764e9a800 GCTaskThread "GC Thread#4" [stack: 0x0000008366400000,0x0000008366500000] [id=4996]
  0x000002676508b800 GCTaskThread "GC Thread#5" [stack: 0x0000008366500000,0x0000008366600000] [id=6824]
  0x000002673c264800 ConcurrentGCThread "G1 Main Marker" [stack: 0x0000008364e00000,0x0000008364f00000] [id=11052]
  0x000002673c266800 ConcurrentGCThread "G1 Conc#0" [stack: 0x0000008364f00000,0x0000008365000000] [id=8272]
  0x000002675fd10000 ConcurrentGCThread "G1 Refine#0" [stack: 0x0000008365000000,0x0000008365100000] [id=5720]
  0x000002675fd11000 ConcurrentGCThread "G1 Young RemSet Sampling" [stack: 0x0000008365100000,0x0000008365200000] [id=12892]

Threads with active compile tasks:

VM state:not at safepoint (normal execution)

VM Mutex/Monitor currently owned by a thread: None

Heap address: 0x0000000701400000, size: 4076 MB, Compressed Oops mode: Zero based, Oop shift amount: 3
Narrow klass base: 0x0000000800000000, Narrow klass shift: 3
Compressed class space size: 1073741824 Address: 0x0000000800b30000

Heap:
 garbage-first heap   total 262144K, used 11269K [0x0000000701400000, 0x0000000800000000)
  region size 1024K, 13 young (13312K), 3 survivors (3072K)
 Metaspace       used 7014K, capacity 9979K, committed 10112K, reserved 1058816K
  class space    used 332K, capacity 630K, committed 640K, reserved 1048576K
Heap Regions: E=young(eden), S=young(survivor), O=old, HS=humongous(starts), HC=humongous(continues), CS=collection set, F=free, OA=open archive, CA=closed archive, TAMS=top-at-mark-start (previous, next)
|   0|0x0000000701400000, 0x0000000701400000, 0x0000000701500000|  0%| F|  |TAMS 0x0000000701400000, 0x0000000701400000| Untracked 
|   1|0x0000000701500000, 0x0000000701500000, 0x0000000701600000|  0%| F|  |TAMS 0x0000000701500000, 0x0000000701500000| Untracked 
|   2|0x0000000701600000, 0x0000000701600000, 0x0000000701700000|  0%| F|  |TAMS 0x0000000701600000, 0x0000000701600000| Untracked 
|   3|0x0000000701700000, 0x0000000701700000, 0x0000000701800000|  0%| F|  |TAMS 0x0000000701700000, 0x0000000701700000| Untracked 
|   4|0x0000000701800000, 0x0000000701800000, 0x0000000701900000|  0%| F|  |TAMS 0x0000000701800000, 0x0000000701800000| Untracked 
|   5|0x0000000701900000, 0x0000000701900000, 0x0000000701a00000|  0%| F|  |TAMS 0x0000000701900000, 0x0000000701900000| Untracked 
|   6|0x0000000701a00000, 0x0000000701a00000, 0x0000000701b00000|  0%| F|  |TAMS 0x0000000701a00000, 0x0000000701a00000| Untracked 
|   7|0x0000000701b00000, 0x0000000701b00000, 0x0000000701c00000|  0%| F|  |TAMS 0x0000000701b00000, 0x0000000701b00000| Untracked 
|   8|0x0000000701c00000, 0x0000000701c00000, 0x0000000701d00000|  0%| F|  |TAMS 0x0000000701c00000, 0x0000000701c00000| Untracked 
|   9|0x0000000701d00000, 0x0000000701d00000, 0x0000000701e00000|  0%| F|  |TAMS 0x0000000701d00000, 0x0000000701d00000| Untracked 
|  10|0x0000000701e00000, 0x0000000701e00000, 0x0000000701f00000|  0%| F|  |TAMS 0x0000000701e00000, 0x0000000701e00000| Untracked 
|  11|0x0000000701f00000, 0x0000000701f00000, 0x0000000702000000|  0%| F|  |TAMS 0x0000000701f00000, 0x0000000701f00000| Untracked 
|  12|0x0000000702000000, 0x0000000702000000, 0x0000000702100000|  0%| F|  |TAMS 0x0000000702000000, 0x0000000702000000| Untracked 
|  13|0x0000000702100000, 0x0000000702100000, 0x0000000702200000|  0%| F|  |TAMS 0x0000000702100000, 0x0000000702100000| Untracked 
|  14|0x0000000702200000, 0x0000000702200000, 0x0000000702300000|  0%| F|  |TAMS 0x0000000702200000, 0x0000000702200000| Untracked 
|  15|0x0000000702300000, 0x0000000702300000, 0x0000000702400000|  0%| F|  |TAMS 0x0000000702300000, 0x0000000702300000| Untracked 
|  16|0x0000000702400000, 0x0000000702400000, 0x0000000702500000|  0%| F|  |TAMS 0x0000000702400000, 0x0000000702400000| Untracked 
|  17|0x0000000702500000, 0x0000000702500000, 0x0000000702600000|  0%| F|  |TAMS 0x0000000702500000, 0x0000000702500000| Untracked 
|  18|0x0000000702600000, 0x0000000702600000, 0x0000000702700000|  0%| F|  |TAMS 0x0000000702600000, 0x0000000702600000| Untracked 
|  19|0x0000000702700000, 0x0000000702700000, 0x0000000702800000|  0%| F|  |TAMS 0x0000000702700000, 0x0000000702700000| Untracked 
|  20|0x0000000702800000, 0x0000000702800000, 0x0000000702900000|  0%| F|  |TAMS 0x0000000702800000, 0x0000000702800000| Untracked 
|  21|0x0000000702900000, 0x0000000702900000, 0x0000000702a00000|  0%| F|  |TAMS 0x0000000702900000, 0x0000000702900000| Untracked 
|  22|0x0000000702a00000, 0x0000000702a00000, 0x0000000702b00000|  0%| F|  |TAMS 0x0000000702a00000, 0x0000000702a00000| Untracked 
|  23|0x0000000702b00000, 0x0000000702b00000, 0x0000000702c00000|  0%| F|  |TAMS 0x0000000702b00000, 0x0000000702b00000| Untracked 
|  24|0x0000000702c00000, 0x0000000702c00000, 0x0000000702d00000|  0%| F|  |TAMS 0x0000000702c00000, 0x0000000702c00000| Untracked 
|  25|0x0000000702d00000, 0x0000000702d00000, 0x0000000702e00000|  0%| F|  |TAMS 0x0000000702d00000, 0x0000000702d00000| Untracked 
|  26|0x0000000702e00000, 0x0000000702e00000, 0x0000000702f00000|  0%| F|  |TAMS 0x0000000702e00000, 0x0000000702e00000| Untracked 
|  27|0x0000000702f00000, 0x0000000702f00000, 0x0000000703000000|  0%| F|  |TAMS 0x0000000702f00000, 0x0000000702f00000| Untracked 
|  28|0x0000000703000000, 0x0000000703000000, 0x0000000703100000|  0%| F|  |TAMS 0x0000000703000000, 0x0000000703000000| Untracked 
|  29|0x0000000703100000, 0x0000000703100000, 0x0000000703200000|  0%| F|  |TAMS 0x0000000703100000, 0x0000000703100000| Untracked 
|  30|0x0000000703200000, 0x0000000703200000, 0x0000000703300000|  0%| F|  |TAMS 0x0000000703200000, 0x0000000703200000| Untracked 
|  31|0x0000000703300000, 0x0000000703300000, 0x0000000703400000|  0%| F|  |TAMS 0x0000000703300000, 0x0000000703300000| Untracked 
|  32|0x0000000703400000, 0x0000000703400000, 0x0000000703500000|  0%| F|  |TAMS 0x0000000703400000, 0x0000000703400000| Untracked 
|  33|0x0000000703500000, 0x0000000703500000, 0x0000000703600000|  0%| F|  |TAMS 0x0000000703500000, 0x0000000703500000| Untracked 
|  34|0x0000000703600000, 0x0000000703600000, 0x0000000703700000|  0%| F|  |TAMS 0x0000000703600000, 0x0000000703600000| Untracked 
|  35|0x0000000703700000, 0x0000000703700000, 0x0000000703800000|  0%| F|  |TAMS 0x0000000703700000, 0x0000000703700000| Untracked 
|  36|0x0000000703800000, 0x0000000703800000, 0x0000000703900000|  0%| F|  |TAMS 0x0000000703800000, 0x0000000703800000| Untracked 
|  37|0x0000000703900000, 0x0000000703900000, 0x0000000703a00000|  0%| F|  |TAMS 0x0000000703900000, 0x0000000703900000| Untracked 
|  38|0x0000000703a00000, 0x0000000703a00000, 0x0000000703b00000|  0%| F|  |TAMS 0x0000000703a00000, 0x0000000703a00000| Untracked 
|  39|0x0000000703b00000, 0x0000000703b00000, 0x0000000703c00000|  0%| F|  |TAMS 0x0000000703b00000, 0x0000000703b00000| Untracked 
|  40|0x0000000703c00000, 0x0000000703c00000, 0x0000000703d00000|  0%| F|  |TAMS 0x0000000703c00000, 0x0000000703c00000| Untracked 
|  41|0x0000000703d00000, 0x0000000703d00000, 0x0000000703e00000|  0%| F|  |TAMS 0x0000000703d00000, 0x0000000703d00000| Untracked 
|  42|0x0000000703e00000, 0x0000000703e00000, 0x0000000703f00000|  0%| F|  |TAMS 0x0000000703e00000, 0x0000000703e00000| Untracked 
|  43|0x0000000703f00000, 0x0000000703f00000, 0x0000000704000000|  0%| F|  |TAMS 0x0000000703f00000, 0x0000000703f00000| Untracked 
|  44|0x0000000704000000, 0x0000000704000000, 0x0000000704100000|  0%| F|  |TAMS 0x0000000704000000, 0x0000000704000000| Untracked 
|  45|0x0000000704100000, 0x0000000704100000, 0x0000000704200000|  0%| F|  |TAMS 0x0000000704100000, 0x0000000704100000| Untracked 
|  46|0x0000000704200000, 0x0000000704200000, 0x0000000704300000|  0%| F|  |TAMS 0x0000000704200000, 0x0000000704200000| Untracked 
|  47|0x0000000704300000, 0x0000000704300000, 0x0000000704400000|  0%| F|  |TAMS 0x0000000704300000, 0x0000000704300000| Untracked 
|  48|0x0000000704400000, 0x0000000704400000, 0x0000000704500000|  0%| F|  |TAMS 0x0000000704400000, 0x0000000704400000| Untracked 
|  49|0x0000000704500000, 0x0000000704500000, 0x0000000704600000|  0%| F|  |TAMS 0x0000000704500000, 0x0000000704500000| Untracked 
|  50|0x0000000704600000, 0x0000000704600000, 0x0000000704700000|  0%| F|  |TAMS 0x0000000704600000, 0x0000000704600000| Untracked 
|  51|0x0000000704700000, 0x0000000704700000, 0x0000000704800000|  0%| F|  |TAMS 0x0000000704700000, 0x0000000704700000| Untracked 
|  52|0x0000000704800000, 0x0000000704800000, 0x0000000704900000|  0%| F|  |TAMS 0x0000000704800000, 0x0000000704800000| Untracked 
|  53|0x0000000704900000, 0x0000000704900000, 0x0000000704a00000|  0%| F|  |TAMS 0x0000000704900000, 0x0000000704900000| Untracked 
|  54|0x0000000704a00000, 0x0000000704a00000, 0x0000000704b00000|  0%| F|  |TAMS 0x0000000704a00000, 0x0000000704a00000| Untracked 
|  55|0x0000000704b00000, 0x0000000704b00000, 0x0000000704c00000|  0%| F|  |TAMS 0x0000000704b00000, 0x0000000704b00000| Untracked 
|  56|0x0000000704c00000, 0x0000000704c00000, 0x0000000704d00000|  0%| F|  |TAMS 0x0000000704c00000, 0x0000000704c00000| Untracked 
|  57|0x0000000704d00000, 0x0000000704d00000, 0x0000000704e00000|  0%| F|  |TAMS 0x0000000704d00000, 0x0000000704d00000| Untracked 
|  58|0x0000000704e00000, 0x0000000704e00000, 0x0000000704f00000|  0%| F|  |TAMS 0x0000000704e00000, 0x0000000704e00000| Untracked 
|  59|0x0000000704f00000, 0x0000000704f00000, 0x0000000705000000|  0%| F|  |TAMS 0x0000000704f00000, 0x0000000704f00000| Untracked 
|  60|0x0000000705000000, 0x0000000705000000, 0x0000000705100000|  0%| F|  |TAMS 0x0000000705000000, 0x0000000705000000| Untracked 
|  61|0x0000000705100000, 0x0000000705100000, 0x0000000705200000|  0%| F|  |TAMS 0x0000000705100000, 0x0000000705100000| Untracked 
|  62|0x0000000705200000, 0x0000000705200000, 0x0000000705300000|  0%| F|  |TAMS 0x0000000705200000, 0x0000000705200000| Untracked 
|  63|0x0000000705300000, 0x0000000705300000, 0x0000000705400000|  0%| F|  |TAMS 0x0000000705300000, 0x0000000705300000| Untracked 
|  64|0x0000000705400000, 0x0000000705400000, 0x0000000705500000|  0%| F|  |TAMS 0x0000000705400000, 0x0000000705400000| Untracked 
|  65|0x0000000705500000, 0x0000000705500000, 0x0000000705600000|  0%| F|  |TAMS 0x0000000705500000, 0x0000000705500000| Untracked 
|  66|0x0000000705600000, 0x0000000705600000, 0x0000000705700000|  0%| F|  |TAMS 0x0000000705600000, 0x0000000705600000| Untracked 
|  67|0x0000000705700000, 0x0000000705700000, 0x0000000705800000|  0%| F|  |TAMS 0x0000000705700000, 0x0000000705700000| Untracked 
|  68|0x0000000705800000, 0x0000000705800000, 0x0000000705900000|  0%| F|  |TAMS 0x0000000705800000, 0x0000000705800000| Untracked 
|  69|0x0000000705900000, 0x0000000705900000, 0x0000000705a00000|  0%| F|  |TAMS 0x0000000705900000, 0x0000000705900000| Untracked 
|  70|0x0000000705a00000, 0x0000000705a00000, 0x0000000705b00000|  0%| F|  |TAMS 0x0000000705a00000, 0x0000000705a00000| Untracked 
|  71|0x0000000705b00000, 0x0000000705b00000, 0x0000000705c00000|  0%| F|  |TAMS 0x0000000705b00000, 0x0000000705b00000| Untracked 
|  72|0x0000000705c00000, 0x0000000705c00000, 0x0000000705d00000|  0%| F|  |TAMS 0x0000000705c00000, 0x0000000705c00000| Untracked 
|  73|0x0000000705d00000, 0x0000000705d00000, 0x0000000705e00000|  0%| F|  |TAMS 0x0000000705d00000, 0x0000000705d00000| Untracked 
|  74|0x0000000705e00000, 0x0000000705e00000, 0x0000000705f00000|  0%| F|  |TAMS 0x0000000705e00000, 0x0000000705e00000| Untracked 
|  75|0x0000000705f00000, 0x0000000705f00000, 0x0000000706000000|  0%| F|  |TAMS 0x0000000705f00000, 0x0000000705f00000| Untracked 
|  76|0x0000000706000000, 0x0000000706000000, 0x0000000706100000|  0%| F|  |TAMS 0x0000000706000000, 0x0000000706000000| Untracked 
|  77|0x0000000706100000, 0x0000000706100000, 0x0000000706200000|  0%| F|  |TAMS 0x0000000706100000, 0x0000000706100000| Untracked 
|  78|0x0000000706200000, 0x0000000706200000, 0x0000000706300000|  0%| F|  |TAMS 0x0000000706200000, 0x0000000706200000| Untracked 
|  79|0x0000000706300000, 0x0000000706300000, 0x0000000706400000|  0%| F|  |TAMS 0x0000000706300000, 0x0000000706300000| Untracked 
|  80|0x0000000706400000, 0x0000000706400000, 0x0000000706500000|  0%| F|  |TAMS 0x0000000706400000, 0x0000000706400000| Untracked 
|  81|0x0000000706500000, 0x0000000706500000, 0x0000000706600000|  0%| F|  |TAMS 0x0000000706500000, 0x0000000706500000| Untracked 
|  82|0x0000000706600000, 0x0000000706600000, 0x0000000706700000|  0%| F|  |TAMS 0x0000000706600000, 0x0000000706600000| Untracked 
|  83|0x0000000706700000, 0x0000000706700000, 0x0000000706800000|  0%| F|  |TAMS 0x0000000706700000, 0x0000000706700000| Untracked 
|  84|0x0000000706800000, 0x0000000706800000, 0x0000000706900000|  0%| F|  |TAMS 0x0000000706800000, 0x0000000706800000| Untracked 
|  85|0x0000000706900000, 0x0000000706900000, 0x0000000706a00000|  0%| F|  |TAMS 0x0000000706900000, 0x0000000706900000| Untracked 
|  86|0x0000000706a00000, 0x0000000706a00000, 0x0000000706b00000|  0%| F|  |TAMS 0x0000000706a00000, 0x0000000706a00000| Untracked 
|  87|0x0000000706b00000, 0x0000000706b00000, 0x0000000706c00000|  0%| F|  |TAMS 0x0000000706b00000, 0x0000000706b00000| Untracked 
|  88|0x0000000706c00000, 0x0000000706c00000, 0x0000000706d00000|  0%| F|  |TAMS 0x0000000706c00000, 0x0000000706c00000| Untracked 
|  89|0x0000000706d00000, 0x0000000706d00000, 0x0000000706e00000|  0%| F|  |TAMS 0x0000000706d00000, 0x0000000706d00000| Untracked 
|  90|0x0000000706e00000, 0x0000000706e00000, 0x0000000706f00000|  0%| F|  |TAMS 0x0000000706e00000, 0x0000000706e00000| Untracked 
|  91|0x0000000706f00000, 0x0000000706f00000, 0x0000000707000000|  0%| F|  |TAMS 0x0000000706f00000, 0x0000000706f00000| Untracked 
|  92|0x0000000707000000, 0x0000000707000000, 0x0000000707100000|  0%| F|  |TAMS 0x0000000707000000, 0x0000000707000000| Untracked 
|  93|0x0000000707100000, 0x0000000707100000, 0x0000000707200000|  0%| F|  |TAMS 0x0000000707100000, 0x0000000707100000| Untracked 
|  94|0x0000000707200000, 0x0000000707200000, 0x0000000707300000|  0%| F|  |TAMS 0x0000000707200000, 0x0000000707200000| Untracked 
|  95|0x0000000707300000, 0x0000000707300000, 0x0000000707400000|  0%| F|  |TAMS 0x0000000707300000, 0x0000000707300000| Untracked 
|  96|0x0000000707400000, 0x0000000707400000, 0x0000000707500000|  0%| F|  |TAMS 0x0000000707400000, 0x0000000707400000| Untracked 
|  97|0x0000000707500000, 0x0000000707500000, 0x0000000707600000|  0%| F|  |TAMS 0x0000000707500000, 0x0000000707500000| Untracked 
|  98|0x0000000707600000, 0x0000000707600000, 0x0000000707700000|  0%| F|  |TAMS 0x0000000707600000, 0x0000000707600000| Untracked 
|  99|0x0000000707700000, 0x0000000707700000, 0x0000000707800000|  0%| F|  |TAMS 0x0000000707700000, 0x0000000707700000| Untracked 
| 100|0x0000000707800000, 0x0000000707800000, 0x0000000707900000|  0%| F|  |TAMS 0x0000000707800000, 0x0000000707800000| Untracked 
| 101|0x0000000707900000, 0x0000000707900000, 0x0000000707a00000|  0%| F|  |TAMS 0x0000000707900000, 0x0000000707900000| Untracked 
| 102|0x0000000707a00000, 0x0000000707a00000, 0x0000000707b00000|  0%| F|  |TAMS 0x0000000707a00000, 0x0000000707a00000| Untracked 
| 103|0x0000000707b00000, 0x0000000707b00000, 0x0000000707c00000|  0%| F|  |TAMS 0x0000000707b00000, 0x0000000707b00000| Untracked 
| 104|0x0000000707c00000, 0x0000000707c00000, 0x0000000707d00000|  0%| F|  |TAMS 0x0000000707c00000, 0x0000000707c00000| Untracked 
| 105|0x0000000707d00000, 0x0000000707d00000, 0x0000000707e00000|  0%| F|  |TAMS 0x0000000707d00000, 0x0000000707d00000| Untracked 
| 106|0x0000000707e00000, 0x0000000707e00000, 0x0000000707f00000|  0%| F|  |TAMS 0x0000000707e00000, 0x0000000707e00000| Untracked 
| 107|0x0000000707f00000, 0x0000000707f00000, 0x0000000708000000|  0%| F|  |TAMS 0x0000000707f00000, 0x0000000707f00000| Untracked 
| 108|0x0000000708000000, 0x0000000708000000, 0x0000000708100000|  0%| F|  |TAMS 0x0000000708000000, 0x0000000708000000| Untracked 
| 109|0x0000000708100000, 0x0000000708100000, 0x0000000708200000|  0%| F|  |TAMS 0x0000000708100000, 0x0000000708100000| Untracked 
| 110|0x0000000708200000, 0x0000000708200000, 0x0000000708300000|  0%| F|  |TAMS 0x0000000708200000, 0x0000000708200000| Untracked 
| 111|0x0000000708300000, 0x0000000708300000, 0x0000000708400000|  0%| F|  |TAMS 0x0000000708300000, 0x0000000708300000| Untracked 
| 112|0x0000000708400000, 0x0000000708400000, 0x0000000708500000|  0%| F|  |TAMS 0x0000000708400000, 0x0000000708400000| Untracked 
| 113|0x0000000708500000, 0x0000000708500000, 0x0000000708600000|  0%| F|  |TAMS 0x0000000708500000, 0x0000000708500000| Untracked 
| 114|0x0000000708600000, 0x0000000708600000, 0x0000000708700000|  0%| F|  |TAMS 0x0000000708600000, 0x0000000708600000| Untracked 
| 115|0x0000000708700000, 0x0000000708700000, 0x0000000708800000|  0%| F|  |TAMS 0x0000000708700000, 0x0000000708700000| Untracked 
| 116|0x0000000708800000, 0x0000000708800000, 0x0000000708900000|  0%| F|  |TAMS 0x0000000708800000, 0x0000000708800000| Untracked 
| 117|0x0000000708900000, 0x0000000708900000, 0x0000000708a00000|  0%| F|  |TAMS 0x0000000708900000, 0x0000000708900000| Untracked 
| 118|0x0000000708a00000, 0x0000000708a00000, 0x0000000708b00000|  0%| F|  |TAMS 0x0000000708a00000, 0x0000000708a00000| Untracked 
| 119|0x0000000708b00000, 0x0000000708b00000, 0x0000000708c00000|  0%| F|  |TAMS 0x0000000708b00000, 0x0000000708b00000| Untracked 
| 120|0x0000000708c00000, 0x0000000708c00000, 0x0000000708d00000|  0%| F|  |TAMS 0x0000000708c00000, 0x0000000708c00000| Untracked 
| 121|0x0000000708d00000, 0x0000000708d00000, 0x0000000708e00000|  0%| F|  |TAMS 0x0000000708d00000, 0x0000000708d00000| Untracked 
| 122|0x0000000708e00000, 0x0000000708e00000, 0x0000000708f00000|  0%| F|  |TAMS 0x0000000708e00000, 0x0000000708e00000| Untracked 
| 123|0x0000000708f00000, 0x0000000708f00000, 0x0000000709000000|  0%| F|  |TAMS 0x0000000708f00000, 0x0000000708f00000| Untracked 
| 124|0x0000000709000000, 0x0000000709000000, 0x0000000709100000|  0%| F|  |TAMS 0x0000000709000000, 0x0000000709000000| Untracked 
| 125|0x0000000709100000, 0x0000000709100000, 0x0000000709200000|  0%| F|  |TAMS 0x0000000709100000, 0x0000000709100000| Untracked 
| 126|0x0000000709200000, 0x0000000709200000, 0x0000000709300000|  0%| F|  |TAMS 0x0000000709200000, 0x0000000709200000| Untracked 
| 127|0x0000000709300000, 0x0000000709300000, 0x0000000709400000|  0%| F|  |TAMS 0x0000000709300000, 0x0000000709300000| Untracked 
| 128|0x0000000709400000, 0x0000000709400000, 0x0000000709500000|  0%| F|  |TAMS 0x0000000709400000, 0x0000000709400000| Untracked 
| 129|0x0000000709500000, 0x0000000709500000, 0x0000000709600000|  0%| F|  |TAMS 0x0000000709500000, 0x0000000709500000| Untracked 
| 130|0x0000000709600000, 0x0000000709600000, 0x0000000709700000|  0%| F|  |TAMS 0x0000000709600000, 0x0000000709600000| Untracked 
| 131|0x0000000709700000, 0x0000000709700000, 0x0000000709800000|  0%| F|  |TAMS 0x0000000709700000, 0x0000000709700000| Untracked 
| 132|0x0000000709800000, 0x0000000709800000, 0x0000000709900000|  0%| F|  |TAMS 0x0000000709800000, 0x0000000709800000| Untracked 
| 133|0x0000000709900000, 0x0000000709900000, 0x0000000709a00000|  0%| F|  |TAMS 0x0000000709900000, 0x0000000709900000| Untracked 
| 134|0x0000000709a00000, 0x0000000709a00000, 0x0000000709b00000|  0%| F|  |TAMS 0x0000000709a00000, 0x0000000709a00000| Untracked 
| 135|0x0000000709b00000, 0x0000000709b00000, 0x0000000709c00000|  0%| F|  |TAMS 0x0000000709b00000, 0x0000000709b00000| Untracked 
| 136|0x0000000709c00000, 0x0000000709c00000, 0x0000000709d00000|  0%| F|  |TAMS 0x0000000709c00000, 0x0000000709c00000| Untracked 
| 137|0x0000000709d00000, 0x0000000709d00000, 0x0000000709e00000|  0%| F|  |TAMS 0x0000000709d00000, 0x0000000709d00000| Untracked 
| 138|0x0000000709e00000, 0x0000000709e00000, 0x0000000709f00000|  0%| F|  |TAMS 0x0000000709e00000, 0x0000000709e00000| Untracked 
| 139|0x0000000709f00000, 0x0000000709f00000, 0x000000070a000000|  0%| F|  |TAMS 0x0000000709f00000, 0x0000000709f00000| Untracked 
| 140|0x000000070a000000, 0x000000070a000000, 0x000000070a100000|  0%| F|  |TAMS 0x000000070a000000, 0x000000070a000000| Untracked 
| 141|0x000000070a100000, 0x000000070a100000, 0x000000070a200000|  0%| F|  |TAMS 0x000000070a100000, 0x000000070a100000| Untracked 
| 142|0x000000070a200000, 0x000000070a200000, 0x000000070a300000|  0%| F|  |TAMS 0x000000070a200000, 0x000000070a200000| Untracked 
| 143|0x000000070a300000, 0x000000070a300000, 0x000000070a400000|  0%| F|  |TAMS 0x000000070a300000, 0x000000070a300000| Untracked 
| 144|0x000000070a400000, 0x000000070a400000, 0x000000070a500000|  0%| F|  |TAMS 0x000000070a400000, 0x000000070a400000| Untracked 
| 145|0x000000070a500000, 0x000000070a500000, 0x000000070a600000|  0%| F|  |TAMS 0x000000070a500000, 0x000000070a500000| Untracked 
| 146|0x000000070a600000, 0x000000070a600000, 0x000000070a700000|  0%| F|  |TAMS 0x000000070a600000, 0x000000070a600000| Untracked 
| 147|0x000000070a700000, 0x000000070a700000, 0x000000070a800000|  0%| F|  |TAMS 0x000000070a700000, 0x000000070a700000| Untracked 
| 148|0x000000070a800000, 0x000000070a800000, 0x000000070a900000|  0%| F|  |TAMS 0x000000070a800000, 0x000000070a800000| Untracked 
| 149|0x000000070a900000, 0x000000070a900000, 0x000000070aa00000|  0%| F|  |TAMS 0x000000070a900000, 0x000000070a900000| Untracked 
| 150|0x000000070aa00000, 0x000000070aa00000, 0x000000070ab00000|  0%| F|  |TAMS 0x000000070aa00000, 0x000000070aa00000| Untracked 
| 151|0x000000070ab00000, 0x000000070ab00000, 0x000000070ac00000|  0%| F|  |TAMS 0x000000070ab00000, 0x000000070ab00000| Untracked 
| 152|0x000000070ac00000, 0x000000070ac00000, 0x000000070ad00000|  0%| F|  |TAMS 0x000000070ac00000, 0x000000070ac00000| Untracked 
| 153|0x000000070ad00000, 0x000000070ad00000, 0x000000070ae00000|  0%| F|  |TAMS 0x000000070ad00000, 0x000000070ad00000| Untracked 
| 154|0x000000070ae00000, 0x000000070ae00000, 0x000000070af00000|  0%| F|  |TAMS 0x000000070ae00000, 0x000000070ae00000| Untracked 
| 155|0x000000070af00000, 0x000000070af00000, 0x000000070b000000|  0%| F|  |TAMS 0x000000070af00000, 0x000000070af00000| Untracked 
| 156|0x000000070b000000, 0x000000070b000000, 0x000000070b100000|  0%| F|  |TAMS 0x000000070b000000, 0x000000070b000000| Untracked 
| 157|0x000000070b100000, 0x000000070b100000, 0x000000070b200000|  0%| F|  |TAMS 0x000000070b100000, 0x000000070b100000| Untracked 
| 158|0x000000070b200000, 0x000000070b200000, 0x000000070b300000|  0%| F|  |TAMS 0x000000070b200000, 0x000000070b200000| Untracked 
| 159|0x000000070b300000, 0x000000070b300000, 0x000000070b400000|  0%| F|  |TAMS 0x000000070b300000, 0x000000070b300000| Untracked 
| 160|0x000000070b400000, 0x000000070b400000, 0x000000070b500000|  0%| F|  |TAMS 0x000000070b400000, 0x000000070b400000| Untracked 
| 161|0x000000070b500000, 0x000000070b500000, 0x000000070b600000|  0%| F|  |TAMS 0x000000070b500000, 0x000000070b500000| Untracked 
| 162|0x000000070b600000, 0x000000070b600000, 0x000000070b700000|  0%| F|  |TAMS 0x000000070b600000, 0x000000070b600000| Untracked 
| 163|0x000000070b700000, 0x000000070b700000, 0x000000070b800000|  0%| F|  |TAMS 0x000000070b700000, 0x000000070b700000| Untracked 
| 164|0x000000070b800000, 0x000000070b800000, 0x000000070b900000|  0%| F|  |TAMS 0x000000070b800000, 0x000000070b800000| Untracked 
| 165|0x000000070b900000, 0x000000070b900000, 0x000000070ba00000|  0%| F|  |TAMS 0x000000070b900000, 0x000000070b900000| Untracked 
| 166|0x000000070ba00000, 0x000000070ba00000, 0x000000070bb00000|  0%| F|  |TAMS 0x000000070ba00000, 0x000000070ba00000| Untracked 
| 167|0x000000070bb00000, 0x000000070bb00000, 0x000000070bc00000|  0%| F|  |TAMS 0x000000070bb00000, 0x000000070bb00000| Untracked 
| 168|0x000000070bc00000, 0x000000070bc00000, 0x000000070bd00000|  0%| F|  |TAMS 0x000000070bc00000, 0x000000070bc00000| Untracked 
| 169|0x000000070bd00000, 0x000000070bd00000, 0x000000070be00000|  0%| F|  |TAMS 0x000000070bd00000, 0x000000070bd00000| Untracked 
| 170|0x000000070be00000, 0x000000070be00000, 0x000000070bf00000|  0%| F|  |TAMS 0x000000070be00000, 0x000000070be00000| Untracked 
| 171|0x000000070bf00000, 0x000000070bf00000, 0x000000070c000000|  0%| F|  |TAMS 0x000000070bf00000, 0x000000070bf00000| Untracked 
| 172|0x000000070c000000, 0x000000070c000000, 0x000000070c100000|  0%| F|  |TAMS 0x000000070c000000, 0x000000070c000000| Untracked 
| 173|0x000000070c100000, 0x000000070c100000, 0x000000070c200000|  0%| F|  |TAMS 0x000000070c100000, 0x000000070c100000| Untracked 
| 174|0x000000070c200000, 0x000000070c200000, 0x000000070c300000|  0%| F|  |TAMS 0x000000070c200000, 0x000000070c200000| Untracked 
| 175|0x000000070c300000, 0x000000070c300000, 0x000000070c400000|  0%| F|  |TAMS 0x000000070c300000, 0x000000070c300000| Untracked 
| 176|0x000000070c400000, 0x000000070c400000, 0x000000070c500000|  0%| F|  |TAMS 0x000000070c400000, 0x000000070c400000| Untracked 
| 177|0x000000070c500000, 0x000000070c500000, 0x000000070c600000|  0%| F|  |TAMS 0x000000070c500000, 0x000000070c500000| Untracked 
| 178|0x000000070c600000, 0x000000070c600000, 0x000000070c700000|  0%| F|  |TAMS 0x000000070c600000, 0x000000070c600000| Untracked 
| 179|0x000000070c700000, 0x000000070c700000, 0x000000070c800000|  0%| F|  |TAMS 0x000000070c700000, 0x000000070c700000| Untracked 
| 180|0x000000070c800000, 0x000000070c800000, 0x000000070c900000|  0%| F|  |TAMS 0x000000070c800000, 0x000000070c800000| Untracked 
| 181|0x000000070c900000, 0x000000070c900000, 0x000000070ca00000|  0%| F|  |TAMS 0x000000070c900000, 0x000000070c900000| Untracked 
| 182|0x000000070ca00000, 0x000000070ca00000, 0x000000070cb00000|  0%| F|  |TAMS 0x000000070ca00000, 0x000000070ca00000| Untracked 
| 183|0x000000070cb00000, 0x000000070cb00000, 0x000000070cc00000|  0%| F|  |TAMS 0x000000070cb00000, 0x000000070cb00000| Untracked 
| 184|0x000000070cc00000, 0x000000070cc00000, 0x000000070cd00000|  0%| F|  |TAMS 0x000000070cc00000, 0x000000070cc00000| Untracked 
| 185|0x000000070cd00000, 0x000000070cd00000, 0x000000070ce00000|  0%| F|  |TAMS 0x000000070cd00000, 0x000000070cd00000| Untracked 
| 186|0x000000070ce00000, 0x000000070ce00000, 0x000000070cf00000|  0%| F|  |TAMS 0x000000070ce00000, 0x000000070ce00000| Untracked 
| 187|0x000000070cf00000, 0x000000070cf00000, 0x000000070d000000|  0%| F|  |TAMS 0x000000070cf00000, 0x000000070cf00000| Untracked 
| 188|0x000000070d000000, 0x000000070d000000, 0x000000070d100000|  0%| F|  |TAMS 0x000000070d000000, 0x000000070d000000| Untracked 
| 189|0x000000070d100000, 0x000000070d100000, 0x000000070d200000|  0%| F|  |TAMS 0x000000070d100000, 0x000000070d100000| Untracked 
| 190|0x000000070d200000, 0x000000070d200000, 0x000000070d300000|  0%| F|  |TAMS 0x000000070d200000, 0x000000070d200000| Untracked 
| 191|0x000000070d300000, 0x000000070d300000, 0x000000070d400000|  0%| F|  |TAMS 0x000000070d300000, 0x000000070d300000| Untracked 
| 192|0x000000070d400000, 0x000000070d400000, 0x000000070d500000|  0%| F|  |TAMS 0x000000070d400000, 0x000000070d400000| Untracked 
| 193|0x000000070d500000, 0x000000070d500000, 0x000000070d600000|  0%| F|  |TAMS 0x000000070d500000, 0x000000070d500000| Untracked 
| 194|0x000000070d600000, 0x000000070d600000, 0x000000070d700000|  0%| F|  |TAMS 0x000000070d600000, 0x000000070d600000| Untracked 
| 195|0x000000070d700000, 0x000000070d700000, 0x000000070d800000|  0%| F|  |TAMS 0x000000070d700000, 0x000000070d700000| Untracked 
| 196|0x000000070d800000, 0x000000070d800000, 0x000000070d900000|  0%| F|  |TAMS 0x000000070d800000, 0x000000070d800000| Untracked 
| 197|0x000000070d900000, 0x000000070d900000, 0x000000070da00000|  0%| F|  |TAMS 0x000000070d900000, 0x000000070d900000| Untracked 
| 198|0x000000070da00000, 0x000000070da00000, 0x000000070db00000|  0%| F|  |TAMS 0x000000070da00000, 0x000000070da00000| Untracked 
| 199|0x000000070db00000, 0x000000070db00000, 0x000000070dc00000|  0%| F|  |TAMS 0x000000070db00000, 0x000000070db00000| Untracked 
| 200|0x000000070dc00000, 0x000000070dc00000, 0x000000070dd00000|  0%| F|  |TAMS 0x000000070dc00000, 0x000000070dc00000| Untracked 
| 201|0x000000070dd00000, 0x000000070dd00000, 0x000000070de00000|  0%| F|  |TAMS 0x000000070dd00000, 0x000000070dd00000| Untracked 
| 202|0x000000070de00000, 0x000000070de00000, 0x000000070df00000|  0%| F|  |TAMS 0x000000070de00000, 0x000000070de00000| Untracked 
| 203|0x000000070df00000, 0x000000070df00000, 0x000000070e000000|  0%| F|  |TAMS 0x000000070df00000, 0x000000070df00000| Untracked 
| 204|0x000000070e000000, 0x000000070e000000, 0x000000070e100000|  0%| F|  |TAMS 0x000000070e000000, 0x000000070e000000| Untracked 
| 205|0x000000070e100000, 0x000000070e100000, 0x000000070e200000|  0%| F|  |TAMS 0x000000070e100000, 0x000000070e100000| Untracked 
| 206|0x000000070e200000, 0x000000070e200000, 0x000000070e300000|  0%| F|  |TAMS 0x000000070e200000, 0x000000070e200000| Untracked 
| 207|0x000000070e300000, 0x000000070e300000, 0x000000070e400000|  0%| F|  |TAMS 0x000000070e300000, 0x000000070e300000| Untracked 
| 208|0x000000070e400000, 0x000000070e400000, 0x000000070e500000|  0%| F|  |TAMS 0x000000070e400000, 0x000000070e400000| Untracked 
| 209|0x000000070e500000, 0x000000070e500000, 0x000000070e600000|  0%| F|  |TAMS 0x000000070e500000, 0x000000070e500000| Untracked 
| 210|0x000000070e600000, 0x000000070e600000, 0x000000070e700000|  0%| F|  |TAMS 0x000000070e600000, 0x000000070e600000| Untracked 
| 211|0x000000070e700000, 0x000000070e700000, 0x000000070e800000|  0%| F|  |TAMS 0x000000070e700000, 0x000000070e700000| Untracked 
| 212|0x000000070e800000, 0x000000070e800000, 0x000000070e900000|  0%| F|  |TAMS 0x000000070e800000, 0x000000070e800000| Untracked 
| 213|0x000000070e900000, 0x000000070e900000, 0x000000070ea00000|  0%| F|  |TAMS 0x000000070e900000, 0x000000070e900000| Untracked 
| 214|0x000000070ea00000, 0x000000070ea00000, 0x000000070eb00000|  0%| F|  |TAMS 0x000000070ea00000, 0x000000070ea00000| Untracked 
| 215|0x000000070eb00000, 0x000000070eb00000, 0x000000070ec00000|  0%| F|  |TAMS 0x000000070eb00000, 0x000000070eb00000| Untracked 
| 216|0x000000070ec00000, 0x000000070ec00000, 0x000000070ed00000|  0%| F|  |TAMS 0x000000070ec00000, 0x000000070ec00000| Untracked 
| 217|0x000000070ed00000, 0x000000070ed00000, 0x000000070ee00000|  0%| F|  |TAMS 0x000000070ed00000, 0x000000070ed00000| Untracked 
| 218|0x000000070ee00000, 0x000000070ee00000, 0x000000070ef00000|  0%| F|  |TAMS 0x000000070ee00000, 0x000000070ee00000| Untracked 
| 219|0x000000070ef00000, 0x000000070ef00000, 0x000000070f000000|  0%| F|  |TAMS 0x000000070ef00000, 0x000000070ef00000| Untracked 
| 220|0x000000070f000000, 0x000000070f000000, 0x000000070f100000|  0%| F|  |TAMS 0x000000070f000000, 0x000000070f000000| Untracked 
| 221|0x000000070f100000, 0x000000070f100000, 0x000000070f200000|  0%| F|  |TAMS 0x000000070f100000, 0x000000070f100000| Untracked 
| 222|0x000000070f200000, 0x000000070f200000, 0x000000070f300000|  0%| F|  |TAMS 0x000000070f200000, 0x000000070f200000| Untracked 
| 223|0x000000070f300000, 0x000000070f300000, 0x000000070f400000|  0%| F|  |TAMS 0x000000070f300000, 0x000000070f300000| Untracked 
| 224|0x000000070f400000, 0x000000070f400000, 0x000000070f500000|  0%| F|  |TAMS 0x000000070f400000, 0x000000070f400000| Untracked 
| 225|0x000000070f500000, 0x000000070f500000, 0x000000070f600000|  0%| F|  |TAMS 0x000000070f500000, 0x000000070f500000| Untracked 
| 226|0x000000070f600000, 0x000000070f600000, 0x000000070f700000|  0%| F|  |TAMS 0x000000070f600000, 0x000000070f600000| Untracked 
| 227|0x000000070f700000, 0x000000070f700000, 0x000000070f800000|  0%| F|  |TAMS 0x000000070f700000, 0x000000070f700000| Untracked 
| 228|0x000000070f800000, 0x000000070f800000, 0x000000070f900000|  0%| F|  |TAMS 0x000000070f800000, 0x000000070f800000| Untracked 
| 229|0x000000070f900000, 0x000000070f900000, 0x000000070fa00000|  0%| F|  |TAMS 0x000000070f900000, 0x000000070f900000| Untracked 
| 230|0x000000070fa00000, 0x000000070fa00000, 0x000000070fb00000|  0%| F|  |TAMS 0x000000070fa00000, 0x000000070fa00000| Untracked 
| 231|0x000000070fb00000, 0x000000070fb00000, 0x000000070fc00000|  0%| F|  |TAMS 0x000000070fb00000, 0x000000070fb00000| Untracked 
| 232|0x000000070fc00000, 0x000000070fc01550, 0x000000070fd00000|  0%| S|CS|TAMS 0x000000070fc00000, 0x000000070fc00000| Complete 
| 233|0x000000070fd00000, 0x000000070fe00000, 0x000000070fe00000|100%| S|CS|TAMS 0x000000070fd00000, 0x000000070fd00000| Complete 
| 234|0x000000070fe00000, 0x000000070ff00000, 0x000000070ff00000|100%| S|CS|TAMS 0x000000070fe00000, 0x000000070fe00000| Complete 
| 235|0x000000070ff00000, 0x000000070ff00000, 0x0000000710000000|  0%| F|  |TAMS 0x000000070ff00000, 0x000000070ff00000| Untracked 
| 236|0x0000000710000000, 0x0000000710000000, 0x0000000710100000|  0%| F|  |TAMS 0x0000000710000000, 0x0000000710000000| Untracked 
| 237|0x0000000710100000, 0x0000000710100000, 0x0000000710200000|  0%| F|  |TAMS 0x0000000710100000, 0x0000000710100000| Untracked 
| 238|0x0000000710200000, 0x0000000710200000, 0x0000000710300000|  0%| F|  |TAMS 0x0000000710200000, 0x0000000710200000| Untracked 
| 239|0x0000000710300000, 0x0000000710300000, 0x0000000710400000|  0%| F|  |TAMS 0x0000000710300000, 0x0000000710300000| Untracked 
| 240|0x0000000710400000, 0x0000000710400000, 0x0000000710500000|  0%| F|  |TAMS 0x0000000710400000, 0x0000000710400000| Untracked 
| 241|0x0000000710500000, 0x0000000710500000, 0x0000000710600000|  0%| F|  |TAMS 0x0000000710500000, 0x0000000710500000| Untracked 
| 242|0x0000000710600000, 0x0000000710600000, 0x0000000710700000|  0%| F|  |TAMS 0x0000000710600000, 0x0000000710600000| Untracked 
| 243|0x0000000710700000, 0x0000000710700000, 0x0000000710800000|  0%| F|  |TAMS 0x0000000710700000, 0x0000000710700000| Untracked 
| 244|0x0000000710800000, 0x0000000710800000, 0x0000000710900000|  0%| F|  |TAMS 0x0000000710800000, 0x0000000710800000| Untracked 
| 245|0x0000000710900000, 0x0000000710900000, 0x0000000710a00000|  0%| F|  |TAMS 0x0000000710900000, 0x0000000710900000| Untracked 
| 246|0x0000000710a00000, 0x0000000710b00000, 0x0000000710b00000|100%| E|  |TAMS 0x0000000710a00000, 0x0000000710a00000| Complete 
| 247|0x0000000710b00000, 0x0000000710c00000, 0x0000000710c00000|100%| E|CS|TAMS 0x0000000710b00000, 0x0000000710b00000| Complete 
| 248|0x0000000710c00000, 0x0000000710d00000, 0x0000000710d00000|100%| E|CS|TAMS 0x0000000710c00000, 0x0000000710c00000| Complete 
| 249|0x0000000710d00000, 0x0000000710e00000, 0x0000000710e00000|100%| E|CS|TAMS 0x0000000710d00000, 0x0000000710d00000| Complete 
| 250|0x0000000710e00000, 0x0000000710f00000, 0x0000000710f00000|100%| E|CS|TAMS 0x0000000710e00000, 0x0000000710e00000| Complete 
| 251|0x0000000710f00000, 0x0000000711000000, 0x0000000711000000|100%| E|CS|TAMS 0x0000000710f00000, 0x0000000710f00000| Complete 
| 252|0x0000000711000000, 0x0000000711100000, 0x0000000711100000|100%| E|CS|TAMS 0x0000000711000000, 0x0000000711000000| Complete 
| 253|0x0000000711100000, 0x0000000711200000, 0x0000000711200000|100%| E|CS|TAMS 0x0000000711100000, 0x0000000711100000| Complete 
| 254|0x0000000711200000, 0x0000000711300000, 0x0000000711300000|100%| E|CS|TAMS 0x0000000711200000, 0x0000000711200000| Complete 
| 255|0x0000000711300000, 0x0000000711400000, 0x0000000711400000|100%| E|CS|TAMS 0x0000000711300000, 0x0000000711300000| Complete 

Card table byte_map: [0x0000026754570000,0x0000026754d70000] _byte_map_base: 0x0000026750d66000

Marking Bits (Prev, Next): (CMBitMap*) 0x000002673c243ce8, (CMBitMap*) 0x000002673c243d28
 Prev Bits: [0x0000026755570000, 0x0000026759520000)
 Next Bits: [0x0000026759520000, 0x000002675d4d0000)

Polling page: 0x000002673b9c0000

Metaspace:

Usage:
  Non-class:      9.13 MB capacity,     6.53 MB ( 71%) used,     2.60 MB ( 28%) free+waste,     9.63 KB ( <1%) overhead. 
      Class:    630.00 KB capacity,   332.88 KB ( 53%) used,   293.62 KB ( 47%) free+waste,     3.50 KB ( <1%) overhead. 
       Both:      9.75 MB capacity,     6.85 MB ( 70%) used,     2.88 MB ( 30%) free+waste,    13.13 KB ( <1%) overhead. 

Virtual space:
  Non-class space:       10.00 MB reserved,       9.25 MB ( 93%) committed 
      Class space:        1.00 GB reserved,     640.00 KB ( <1%) committed 
             Both:        1.01 GB reserved,       9.88 MB ( <1%) committed 

Chunk freelists:
   Non-Class:  59.00 KB
       Class:  10.00 KB
        Both:  69.00 KB

MaxMetaspaceSize: 17179869184.00 GB
CompressedClassSpaceSize: 1.00 GB

CodeHeap 'non-profiled nmethods': size=120000Kb used=282Kb max_used=282Kb free=119717Kb
 bounds [0x000002674c730000, 0x000002674c9a0000, 0x0000026753c60000]
CodeHeap 'profiled nmethods': size=120000Kb used=1385Kb max_used=1385Kb free=118614Kb
 bounds [0x0000026745200000, 0x0000026745470000, 0x000002674c730000]
CodeHeap 'non-nmethods': size=5760Kb used=1623Kb max_used=1641Kb free=4136Kb
 bounds [0x0000026744c60000, 0x0000026744ed0000, 0x0000026745200000]
 total_blobs=1826 nmethods=810 adapters=929
 compilation: enabled
              stopped_count=0, restarted_count=0
 full_count=0

Compilation events (20 events):
Event: 1.712 Thread 0x000002675fe49000  801       4       educanet.Game::render (19 bytes)
Event: 1.713 Thread 0x000002675fe49000 nmethod 801 0x000002674c76ff10 code [0x000002674c7700a0, 0x000002674c770138]
Event: 1.850 Thread 0x000002675fe49000  802       4       org.lwjgl.glfw.GLFW::glfwPollEvents (12 bytes)
Event: 1.850 Thread 0x000002675fe49000 nmethod 802 0x000002674c770290 code [0x000002674c770420, 0x000002674c770488]
Event: 1.869 Thread 0x000002675fe49000  803       4       org.lwjgl.opengl.GL11::glClear (5 bytes)
Event: 1.869 Thread 0x000002675fe49000 nmethod 803 0x000002674c770590 code [0x000002674c770720, 0x000002674c770788]
Event: 1.869 Thread 0x000002675fe49000  804       4       educanet.Game::update (125 bytes)
Event: 1.920 Thread 0x000002675fe49000 nmethod 804 0x000002674c770890 code [0x000002674c770ee0, 0x000002674c774098]
Event: 1.921 Thread 0x000002675fe49000  805       4       org.lwjgl.glfw.GLFW::glfwSwapBuffers (21 bytes)
Event: 1.921 Thread 0x000002675fe49000 nmethod 805 0x000002674c775b10 code [0x000002674c775ca0, 0x000002674c775d48]
Event: 1.936 Thread 0x000002675fe4c800  806       3       jdk.internal.util.Preconditions::checkFromIndexSize (25 bytes)
Event: 1.936 Thread 0x000002675fe4c800 nmethod 806 0x0000026745353d90 code [0x0000026745353fa0, 0x00000267453547f8]
Event: 2.980 Thread 0x000002675fe49000  807       4       jdk.internal.util.Preconditions::checkFromIndexSize (25 bytes)
Event: 2.981 Thread 0x000002675fe49000 nmethod 807 0x000002674c775e10 code [0x000002674c775fa0, 0x000002674c776078]
Event: 10.526 Thread 0x000002675fe4c800  808 %     3       educanet.Main::main @ 82 (140 bytes)
Event: 10.527 Thread 0x000002675fe4c800 nmethod 808% 0x0000026745354a10 code [0x0000026745354ee0, 0x0000026745356dc8]
Event: 10.687 Thread 0x000002675fe4c800  809       3       educanet.Main::main (140 bytes)
Event: 10.688 Thread 0x000002675fe4c800 nmethod 809 0x0000026745357890 code [0x0000026745357d60, 0x0000026745359be8]
Event: 17.008 Thread 0x000002675fe49000  810 %     4       educanet.Main::main @ 82 (140 bytes)
Event: 17.009 Thread 0x000002675fe49000 nmethod 810% 0x000002674c776110 code [0x000002674c776340, 0x000002674c7765c0]

GC Heap History (2 events):
Event: 1.423 GC heap before
{Heap before GC invocations=0 (full 0):
 garbage-first heap   total 262144K, used 20480K [0x0000000701400000, 0x0000000800000000)
  region size 1024K, 21 young (21504K), 0 survivors (0K)
 Metaspace       used 6994K, capacity 9914K, committed 10112K, reserved 1058816K
  class space    used 332K, capacity 630K, committed 640K, reserved 1048576K
}
Event: 1.425 GC heap after
{Heap after GC invocations=1 (full 0):
 garbage-first heap   total 262144K, used 2053K [0x0000000701400000, 0x0000000800000000)
  region size 1024K, 3 young (3072K), 3 survivors (3072K)
 Metaspace       used 6994K, capacity 9914K, committed 10112K, reserved 1058816K
  class space    used 332K, capacity 630K, committed 640K, reserved 1048576K
}

Deoptimization events (20 events):
Event: 0.546 Thread 0x000002673c1da800 DEOPT PACKING pc=0x000002674c761254 sp=0x0000008364cfe340
Event: 0.546 Thread 0x000002673c1da800 DEOPT UNPACKING pc=0x0000026744ca912f sp=0x0000008364cfe2d0 mode 2
Event: 0.573 Thread 0x000002673c1da800 Uncommon trap: trap_request=0xffffff54 fr.pc=0x000002674c756188 relative=0x0000000000000068
Event: 0.573 Thread 0x000002673c1da800 Uncommon trap: reason=speculate_null_assert action=make_not_entrant pc=0x000002674c756188 method=sun.misc.Unsafe.getLong(Ljava/lang/Object;J)J @ 5 c2
Event: 0.573 Thread 0x000002673c1da800 DEOPT PACKING pc=0x000002674c756188 sp=0x0000008364cff2f0
Event: 0.573 Thread 0x000002673c1da800 DEOPT UNPACKING pc=0x0000026744ca912f sp=0x0000008364cff278 mode 2
Event: 11.872 Thread 0x000002673c1da800 DEOPT PACKING pc=0x0000026745356a67 sp=0x0000008364cff500
Event: 11.872 Thread 0x000002673c1da800 DEOPT UNPACKING pc=0x0000026744ca964e sp=0x0000008364cfeaa8 mode 0
Event: 13.141 Thread 0x000002673c1da800 DEOPT PACKING pc=0x0000026745356a67 sp=0x0000008364cff500
Event: 13.141 Thread 0x000002673c1da800 DEOPT UNPACKING pc=0x0000026744ca964e sp=0x0000008364cfeaa8 mode 0
Event: 14.419 Thread 0x000002673c1da800 DEOPT PACKING pc=0x0000026745356a67 sp=0x0000008364cff500
Event: 14.419 Thread 0x000002673c1da800 DEOPT UNPACKING pc=0x0000026744ca964e sp=0x0000008364cfeaa8 mode 0
Event: 15.716 Thread 0x000002673c1da800 DEOPT PACKING pc=0x0000026745356a67 sp=0x0000008364cff500
Event: 15.716 Thread 0x000002673c1da800 DEOPT UNPACKING pc=0x0000026744ca964e sp=0x0000008364cfeaa8 mode 0
Event: 17.008 Thread 0x000002673c1da800 DEOPT PACKING pc=0x0000026745356a67 sp=0x0000008364cff500
Event: 17.008 Thread 0x000002673c1da800 DEOPT UNPACKING pc=0x0000026744ca964e sp=0x0000008364cfeaa8 mode 0
Event: 3655.762 Thread 0x000002673c1da800 Uncommon trap: trap_request=0xffffff45 fr.pc=0x000002674c7764a0 relative=0x0000000000000160
Event: 3655.763 Thread 0x000002673c1da800 Uncommon trap: reason=unstable_if action=reinterpret pc=0x000002674c7764a0 method=org.lwjgl.glfw.GLFW.glfwWindowShouldClose(J)Z @ 20 c2
Event: 3655.763 Thread 0x000002673c1da800 DEOPT PACKING pc=0x000002674c7764a0 sp=0x0000008364cff600
Event: 3655.763 Thread 0x000002673c1da800 DEOPT UNPACKING pc=0x0000026744ca912f sp=0x0000008364cff538 mode 2

Classes unloaded (0 events):
No events

Classes redefined (0 events):
No events

Internal exceptions (11 events):
Event: 0.086 Thread 0x000002673c1da800 Exception <a 'java/lang/NoSuchMethodError'{0x00000007111cb888}: 'void java.lang.invoke.DelegatingMethodHandle$Holder.delegate(java.lang.Object, java.lang.Object, int, java.lang.Object)'> (0x00000007111cb888) 
thrown [./src/hotspot/share/interpreter/linkResolver.cpp, line 766]
Event: 0.087 Thread 0x000002673c1da800 Exception <a 'java/lang/NoSuchMethodError'{0x00000007111d22e0}: 'java.lang.Object java.lang.invoke.DirectMethodHandle$Holder.invokeStaticInit(java.lang.Object, java.lang.Object, java.lang.Object)'> (0x00000007111d22e0) 
thrown [./src/hotspot/share/interpreter/linkResolver.cpp, line 766]
Event: 0.116 Thread 0x000002673c1da800 Exception <a 'sun/nio/fs/WindowsException'{0x00000007110a4af0}> (0x00000007110a4af0) 
thrown [./src/hotspot/share/prims/jni.cpp, line 599]
Event: 0.116 Thread 0x000002673c1da800 Exception <a 'sun/nio/fs/WindowsException'{0x00000007110a5030}> (0x00000007110a5030) 
thrown [./src/hotspot/share/prims/jni.cpp, line 599]
Event: 0.123 Thread 0x000002673c1da800 Exception <a 'sun/nio/fs/WindowsException'{0x00000007110cf1a8}> (0x00000007110cf1a8) 
thrown [./src/hotspot/share/prims/jni.cpp, line 599]
Event: 0.123 Thread 0x000002673c1da800 Exception <a 'sun/nio/fs/WindowsException'{0x00000007110cf500}> (0x00000007110cf500) 
thrown [./src/hotspot/share/prims/jni.cpp, line 599]
Event: 0.403 Thread 0x000002673c1da800 Exception <a 'sun/nio/fs/WindowsException'{0x0000000710e3bd48}> (0x0000000710e3bd48) 
thrown [./src/hotspot/share/prims/jni.cpp, line 599]
Event: 0.403 Thread 0x000002673c1da800 Exception <a 'sun/nio/fs/WindowsException'{0x0000000710e3c0d8}> (0x0000000710e3c0d8) 
thrown [./src/hotspot/share/prims/jni.cpp, line 599]
Event: 0.406 Thread 0x000002673c1da800 Exception <a 'sun/nio/fs/WindowsException'{0x0000000710e5a7d0}> (0x0000000710e5a7d0) 
thrown [./src/hotspot/share/prims/jni.cpp, line 599]
Event: 0.406 Thread 0x000002673c1da800 Exception <a 'sun/nio/fs/WindowsException'{0x0000000710e5aaa0}> (0x0000000710e5aaa0) 
thrown [./src/hotspot/share/prims/jni.cpp, line 599]
Event: 0.546 Thread 0x000002673c1da800 Exception <a 'java/lang/NoSuchMethodError'{0x00000007105f3e18}: 'void java.lang.invoke.DirectMethodHandle$Holder.invokeStatic(java.lang.Object, long, int, int)'> (0x00000007105f3e18) 
thrown [./src/hotspot/share/interpreter/linkResolver.cpp, line 766]

Events (20 events):
Event: 1.426 Executing VM operation: HandshakeOneThread
Event: 1.426 Executing VM operation: HandshakeOneThread done
Event: 1.427 Executing VM operation: HandshakeOneThread
Event: 1.427 Executing VM operation: HandshakeOneThread done
Event: 1.427 Executing VM operation: HandshakeOneThread
Event: 1.427 Executing VM operation: HandshakeOneThread done
Event: 1.427 Executing VM operation: HandshakeOneThread
Event: 1.427 Executing VM operation: HandshakeOneThread done
Event: 1.427 Executing VM operation: HandshakeOneThread
Event: 1.427 Executing VM operation: HandshakeOneThread done
Event: 1.427 Executing VM operation: HandshakeOneThread
Event: 1.427 Executing VM operation: HandshakeOneThread done
Event: 1.427 Executing VM operation: HandshakeOneThread
Event: 1.427 Executing VM operation: HandshakeOneThread done
Event: 1.427 Executing VM operation: HandshakeOneThread
Event: 1.427 Executing VM operation: HandshakeOneThread done
Event: 1.427 Executing VM operation: HandshakeOneThread
Event: 1.427 Executing VM operation: HandshakeOneThread done
Event: 1.427 Executing VM operation: HandshakeOneThread
Event: 1.427 Executing VM operation: HandshakeOneThread done


Dynamic libraries:
0x00007ff7656c0000 - 0x00007ff7656cd000 	C:\Users\jan\.jdks\adopt-openjdk-14.0.2\bin\java.exe
0x00007ff8519b0000 - 0x00007ff851ba5000 	C:\Windows\SYSTEM32\ntdll.dll
0x00007ff8500e0000 - 0x00007ff85019d000 	C:\Windows\System32\KERNEL32.DLL
0x00007ff84f590000 - 0x00007ff84f858000 	C:\Windows\System32\KERNELBASE.dll
0x00007ff84f890000 - 0x00007ff84f990000 	C:\Windows\System32\ucrtbase.dll
0x00007ff82e520000 - 0x00007ff82e535000 	C:\Users\jan\.jdks\adopt-openjdk-14.0.2\bin\VCRUNTIME140.dll
0x00007ff82e540000 - 0x00007ff82e558000 	C:\Users\jan\.jdks\adopt-openjdk-14.0.2\bin\jli.dll
0x00007ff850350000 - 0x00007ff8504f0000 	C:\Windows\System32\USER32.dll
0x00007ff84f860000 - 0x00007ff84f882000 	C:\Windows\System32\win32u.dll
0x00007ff84feb0000 - 0x00007ff84feda000 	C:\Windows\System32\GDI32.dll
0x00007ff841580000 - 0x00007ff84181a000 	C:\Windows\WinSxS\amd64_microsoft.windows.common-controls_6595b64144ccf1df_6.0.19041.844_none_ca00b6081b84eb1d\COMCTL32.dll
0x00007ff84f220000 - 0x00007ff84f32b000 	C:\Windows\System32\gdi32full.dll
0x00007ff84fd60000 - 0x00007ff84fdfe000 	C:\Windows\System32\msvcrt.dll
0x00007ff84f330000 - 0x00007ff84f3cd000 	C:\Windows\System32\msvcp_win.dll
0x00007ff850c50000 - 0x00007ff850c80000 	C:\Windows\System32\IMM32.DLL
0x00007ff800b30000 - 0x00007ff800bcb000 	C:\Users\jan\.jdks\adopt-openjdk-14.0.2\bin\msvcp140.dll
0x00007fffd16d0000 - 0x00007fffd2264000 	C:\Users\jan\.jdks\adopt-openjdk-14.0.2\bin\server\jvm.dll
0x00007ff84fe00000 - 0x00007ff84feac000 	C:\Windows\System32\ADVAPI32.dll
0x00007ff850d10000 - 0x00007ff850dab000 	C:\Windows\System32\sechost.dll
0x00007ff84fbd0000 - 0x00007ff84fcfb000 	C:\Windows\System32\RPCRT4.dll
0x00007ff850220000 - 0x00007ff850228000 	C:\Windows\System32\PSAPI.DLL
0x00007ff848780000 - 0x00007ff84878a000 	C:\Windows\SYSTEM32\VERSION.dll
0x00007ff841a60000 - 0x00007ff841a69000 	C:\Windows\SYSTEM32\WSOCK32.dll
0x00007ff8464f0000 - 0x00007ff846517000 	C:\Windows\SYSTEM32\WINMM.dll
0x00007ff850230000 - 0x00007ff85029b000 	C:\Windows\System32\WS2_32.dll
0x00007ff84d050000 - 0x00007ff84d062000 	C:\Windows\SYSTEM32\kernel.appcore.dll
0x00007ff8333f0000 - 0x00007ff8333fa000 	C:\Users\jan\.jdks\adopt-openjdk-14.0.2\bin\jimage.dll
0x00007ff846730000 - 0x00007ff846914000 	C:\Windows\SYSTEM32\DBGHELP.DLL
0x00007ff846700000 - 0x00007ff84672c000 	C:\Windows\SYSTEM32\dbgcore.DLL
0x00007ff84f1a0000 - 0x00007ff84f220000 	C:\Windows\System32\bcryptPrimitives.dll
0x00007ff82e4f0000 - 0x00007ff82e515000 	C:\Users\jan\.jdks\adopt-openjdk-14.0.2\bin\java.dll
0x00007ff82aa50000 - 0x00007ff82aa66000 	C:\Users\jan\.jdks\adopt-openjdk-14.0.2\bin\zip.dll
0x00007ff8504f0000 - 0x00007ff850c32000 	C:\Windows\System32\SHELL32.dll
0x00007ff84d250000 - 0x00007ff84d9e1000 	C:\Windows\SYSTEM32\windows.storage.dll
0x00007ff851610000 - 0x00007ff851965000 	C:\Windows\System32\combase.dll
0x00007ff84eb60000 - 0x00007ff84eb8c000 	C:\Windows\SYSTEM32\Wldp.dll
0x00007ff84ff60000 - 0x00007ff85000e000 	C:\Windows\System32\SHCORE.dll
0x00007ff850f40000 - 0x00007ff850f95000 	C:\Windows\System32\shlwapi.dll
0x00007ff84f030000 - 0x00007ff84f04f000 	C:\Windows\SYSTEM32\profapi.dll
0x00007ff82a460000 - 0x00007ff82a479000 	C:\Users\jan\.jdks\adopt-openjdk-14.0.2\bin\net.dll
0x00007ff8473b0000 - 0x00007ff8474bb000 	C:\Windows\SYSTEM32\WINHTTP.dll
0x00007ff84e8d0000 - 0x00007ff84e93a000 	C:\Windows\system32\mswsock.dll
0x00007ff8292d0000 - 0x00007ff8292e2000 	C:\Users\jan\.jdks\adopt-openjdk-14.0.2\bin\nio.dll
0x00007ff8174e0000 - 0x00007ff817544000 	C:\Users\jan\AppData\Local\Temp\lwjgljan\3.2.3-build-13\lwjgl.dll
0x00007ff8173a0000 - 0x00007ff817402000 	C:\Users\jan\AppData\Local\Temp\lwjgljan\3.2.3-build-13\glfw.dll
0x00007ff84cb90000 - 0x00007ff84cc2e000 	C:\Windows\system32\uxtheme.dll
0x00007ff823c80000 - 0x00007ff823cc5000 	C:\Windows\SYSTEM32\dinput8.dll
0x00007ff845820000 - 0x00007ff845831000 	C:\Windows\SYSTEM32\xinput1_4.dll
0x00007ff84f9c0000 - 0x00007ff84fa0e000 	C:\Windows\System32\cfgmgr32.dll
0x00007ff84eea0000 - 0x00007ff84eecc000 	C:\Windows\SYSTEM32\DEVOBJ.dll
0x00007ff84ce70000 - 0x00007ff84ce9f000 	C:\Windows\SYSTEM32\dwmapi.dll
0x00007ff840480000 - 0x00007ff8405d2000 	C:\Windows\SYSTEM32\inputhost.dll
0x00007ff850010000 - 0x00007ff8500dd000 	C:\Windows\System32\OLEAUT32.dll
0x00007ff84bc80000 - 0x00007ff84bdd4000 	C:\Windows\SYSTEM32\wintypes.dll
0x00007ff84c6b0000 - 0x00007ff84c7a2000 	C:\Windows\SYSTEM32\CoreMessaging.dll
0x00007ff84ad30000 - 0x00007ff84ae27000 	C:\Windows\SYSTEM32\PROPSYS.dll
0x00007ff84c350000 - 0x00007ff84c6ae000 	C:\Windows\SYSTEM32\CoreUIComponents.dll
0x00007ff84de30000 - 0x00007ff84de63000 	C:\Windows\SYSTEM32\ntmarta.dll
0x00007ff851410000 - 0x00007ff851525000 	C:\Windows\System32\MSCTF.dll
0x00007ff84d9f0000 - 0x00007ff84d9fd000 	C:\Windows\SYSTEM32\HID.DLL
0x00007ff850fa0000 - 0x00007ff851409000 	C:\Windows\System32\SETUPAPI.DLL
0x00007ff84f990000 - 0x00007ff84f9b7000 	C:\Windows\System32\bcrypt.dll
0x00007ff84f3d0000 - 0x00007ff84f430000 	C:\Windows\System32\WINTRUST.dll
0x00007ff84f430000 - 0x00007ff84f58f000 	C:\Windows\System32\CRYPT32.dll
0x00007ff84ece0000 - 0x00007ff84ecf2000 	C:\Windows\SYSTEM32\MSASN1.dll
0x00007ff823950000 - 0x00007ff823a76000 	C:\Windows\SYSTEM32\opengl32.dll
0x00007ff82ec80000 - 0x00007ff82ecac000 	C:\Windows\SYSTEM32\GLU32.dll
0x00007ff8502a0000 - 0x00007ff850349000 	C:\Windows\System32\clbcatq.dll
0x00007ff846080000 - 0x00007ff8460aa000 	C:\Windows\System32\DriverStore\FileRepository\u0359518.inf_amd64_ddc5c961c2795261\B359297\atig6pxx.dll
0x00007fffe0fc0000 - 0x00007fffe3cd3000 	C:\Windows\System32\DriverStore\FileRepository\u0359518.inf_amd64_ddc5c961c2795261\B359297\atio6axx.dll
0x00007ff850e10000 - 0x00007ff850f3a000 	C:\Windows\System32\ole32.dll
0x00007ff82e8d0000 - 0x00007ff82e8f4000 	C:\Windows\SYSTEM32\dxva2.dll
0x00007ff83c2f0000 - 0x00007ff83c32c000 	C:\Windows\System32\DriverStore\FileRepository\u0359518.inf_amd64_ddc5c961c2795261\B359297\atig6txx.dll
0x00007ff81d720000 - 0x00007ff81d8dc000 	C:\Windows\SYSTEM32\atiadlxx.dll
0x00007ff847370000 - 0x00007ff8473ab000 	C:\Windows\SYSTEM32\dxcore.dll
0x00007ff840380000 - 0x00007ff840479000 	C:\Windows\SYSTEM32\textinputframework.dll
0x00007ff814c50000 - 0x00007ff814ca9000 	C:\Users\jan\AppData\Local\Temp\lwjgljan\3.2.3-build-13\lwjgl_opengl.dll
0x00007ff8333b0000 - 0x00007ff8333c0000 	C:\Users\jan\.jdks\adopt-openjdk-14.0.2\bin\verify.dll

dbghelp: loaded successfully - version: 4.0.5 - missing functions: none
symbol engine: initialized successfully - sym options: 0x614 - pdb path: .;C:\Users\jan\.jdks\adopt-openjdk-14.0.2\bin;C:\Windows\SYSTEM32;C:\Windows\WinSxS\amd64_microsoft.windows.common-controls_6595b64144ccf1df_6.0.19041.844_none_ca00b6081b84eb1d;C:\Users\jan\.jdks\adopt-openjdk-14.0.2\bin\server;C:\Users\jan\AppData\Local\Temp\lwjgljan\3.2.3-build-13;C:\Windows\System32\DriverStore\FileRepository\u0359518.inf_amd64_ddc5c961c2795261\B359297

VM Arguments:
jvm_args: -Dfile.encoding=windows-1252 -Duser.country=US -Duser.language=en -Duser.variant 
java_command: educanet.Main
java_class_path (initial): C:\Users\jan\IdeaProjects\MATICE-FUNKCNI\Matrix\build\classes\java\main;C:\Users\jan\IdeaProjects\MATICE-FUNKCNI\Matrix\build\resources\main;C:\Users\jan\.gradle\caches\modules-2\files-2.1\org.lwjgl\lwjgl-assimp\3.2.3\f62aa07a20afbdd3097efc296c4841e0d29700eb\lwjgl-assimp-3.2.3.jar;C:\Users\jan\.gradle\caches\modules-2\files-2.1\org.lwjgl\lwjgl-assimp\3.2.3\4e60aeb75f0343c4a9ede4ef8b6b32ca702a00a3\lwjgl-assimp-3.2.3-natives-windows.jar;C:\Users\jan\.gradle\caches\modules-2\files-2.1\org.lwjgl\lwjgl-glfw\3.2.3\5e520d5c290c8b012545a8d34fa5db5ab051ea53\lwjgl-glfw-3.2.3.jar;C:\Users\jan\.gradle\caches\modules-2\files-2.1\org.lwjgl\lwjgl-glfw\3.2.3\b4d8a3477cdc2edcf7a5f1e822926be846223f54\lwjgl-glfw-3.2.3-natives-windows.jar;C:\Users\jan\.gradle\caches\modules-2\files-2.1\org.lwjgl\lwjgl-openal\3.2.3\106742e805803ab9eab8e343f0fb31a3d263903c\lwjgl-openal-3.2.3.jar;C:\Users\jan\.gradle\caches\modules-2\files-2.1\org.lwjgl\lwjgl-openal\3.2.3\ec898e8ce11b5886f4f532a1536283ef2817758d\lwjgl-openal-3.2.3-natives-windows.jar;C:\Users\jan\.gradle\caches\modules-2\files-2.1\org.lwjgl\lwjgl-opengl\3.2.3\bdd534a323d0c8f54969b95e424b6ac8984f7d6e\lwjgl-opengl-3.2.3.jar;C:\Users\jan\.gradle\caches\modules-2\files-2.1\org.lwjgl\lwjgl-opengl\3.2.3\e81cfc73ec8708e5e791ed770e4ec3edfc1bbab1\lwjgl-opengl-3.2.3-natives-windows.jar;C:\Users\jan\.gradle\caches\modules-2\files-2.1\org.lwjgl\lwjgl-stb\3.2.3\40eccaa4fa86fc815f2e17946a392fb5fdcc286a\lwjgl-stb-3.2.3.jar;C:\Users\jan\.gradle\caches\modules-2\files-2.1\org.lwjgl\lwjgl-stb\3.2.3\817b21ec286f0ba3dcedb56a3bd275e6a9345be9\lwjgl-stb-3.2.3-natives-windows.jar;C:\Users\jan\.gradle\caches\modules-2\files-2.1\org.lwjgl\lwjgl\3.2.3\17a59ba0fe8d474ec9dbe0d5db40d2cfe59c4c08\lwjgl-3.2.3.jar;C:\Users\jan\.gradle\caches\modules-2\files-2.1\org.lwjgl\lwjgl\3.2.3\27f32cd35349684745951e04388e8e00d681cdcd\lwjgl-3.2.3-natives-windows.jar;C:\Users\jan\.gradle\caches\modules-2\files-2.1\org.joml\joml\1.10.0\a29b8bf72dc1478e9ceea
Launcher Type: SUN_STANDARD

[Global flags]
     intx CICompilerCount                          = 3                                         {product} {ergonomic}
     uint ConcGCThreads                            = 2                                         {product} {ergonomic}
     uint G1ConcRefinementThreads                  = 6                                         {product} {ergonomic}
   size_t G1HeapRegionSize                         = 1048576                                   {product} {ergonomic}
    uintx GCDrainStackTargetSize                   = 64                                        {product} {ergonomic}
   size_t InitialHeapSize                          = 268435456                                 {product} {ergonomic}
   size_t MarkStackSize                            = 4194304                                   {product} {ergonomic}
   size_t MaxHeapSize                              = 4273995776                                {product} {ergonomic}
   size_t MaxNewSize                               = 2563768320                                {product} {ergonomic}
   size_t MinHeapDeltaBytes                        = 1048576                                   {product} {ergonomic}
   size_t MinHeapSize                              = 8388608                                   {product} {ergonomic}
    uintx NonNMethodCodeHeapSize                   = 5832780                                {pd product} {ergonomic}
    uintx NonProfiledCodeHeapSize                  = 122912730                              {pd product} {ergonomic}
    uintx ProfiledCodeHeapSize                     = 122912730                              {pd product} {ergonomic}
    uintx ReservedCodeCacheSize                    = 251658240                              {pd product} {ergonomic}
     bool SegmentedCodeCache                       = true                                      {product} {ergonomic}
   size_t SoftMaxHeapSize                          = 4273995776                             {manageable} {ergonomic}
     bool UseCompressedClassPointers               = true                                 {lp64_product} {ergonomic}
     bool UseCompressedOops                        = true                                 {lp64_product} {ergonomic}
     bool UseG1GC                                  = true                                      {product} {ergonomic}
     bool UseLargePagesIndividualAllocation        = false                                  {pd product} {ergonomic}

Logging:
Log output configuration:
 #0: stdout all=warning uptime,level,tags
 #1: stderr all=off uptime,level,tags

Environment Variables:
JAVA_HOME=C:\Users\jan\.jdks\openjdk-15.0.1
PATH=C:\Python39\Scripts\;C:\Python39\;C:\Windows\system32;C:\Windows;C:\Windows\System32\Wbem;C:\Windows\System32\WindowsPowerShell\v1.0\;C:\Windows\System32\OpenSSH\;C:\Program Files\nodejs\;C:\ProgramData\chocolatey\bin;C:\Program Files\Git\cmd;C:\Program Files\TortoiseGit\bin;C:\Users\jan\apache-maven-3.6.3\bin;C:\Users\jan\AppData\Local\Microsoft\WindowsApps;C:\Program Files\JetBrains\PhpStorm 2020.2.2\bin;;C:\Users\jan\AppData\Roaming\npm;C:\Program Files\JetBrains\IntelliJ IDEA 2020.2.3\bin;;C:\tools\dart-sdk\bin;C:\Users\jan\AppData\Roaming\Pub\Cache\bin;C:\Users\jan\apache-maven-3.6.3\bin;C:\Users\jan\AppData\Local\GitHubDesktop\bin;C:\Users\jan\AppData\Roaming\npm;C:\Users\jan\AppData\Roaming\npm\node_modules\@angular\cli\bin;
USERNAME=jan
OS=Windows_NT
PROCESSOR_IDENTIFIER=Intel64 Family 6 Model 158 Stepping 10, GenuineIntel



---------------  S Y S T E M  ---------------

OS: Windows 10 , 64 bit Build 19041 (10.0.19041.928)
OS uptime: 6 days 1:35 hours

CPU:total 6 (initial active 6) (6 cores per cpu, 1 threads per core) family 6 model 158 stepping 10, cmov, cx8, fxsr, mmx, sse, sse2, sse3, ssse3, sse4.1, sse4.2, popcnt, avx, avx2, aes, clmul, erms, 3dnowpref, lzcnt, tsc, tscinvbit, bmi1, bmi2, adx, fma

Memory: 4k page, system-wide physical 16300M (7296M free)
TotalPageFile size 25516M (AvailPageFile size 9988M)
current process WorkingSet (physical memory assigned to process): 39M, peak: 122M
current process commit charge ("private bytes"): 434M, peak: 448M

vm_info: OpenJDK 64-Bit Server VM (14.0.2+12) for windows-amd64 JRE (14.0.2+12), built on Jul 15 2020 11:30:16 by "" with MS VC++ 15.9 (VS2017)

END.
