#
# A fatal error has been detected by the Java Runtime Environment:
#
#  EXCEPTION_ACCESS_VIOLATION (0xc0000005) at pc=0x00007fffd08c0625, pid=9124, tid=15268
#
# JRE version: OpenJDK Runtime Environment AdoptOpenJDK (14.0.2+12) (build 14.0.2+12)
# Java VM: OpenJDK 64-Bit Server VM AdoptOpenJDK (14.0.2+12, mixed mode, sharing, tiered, compressed oops, g1 gc, windows-amd64)
# Problematic frame:
# C  [atio6axx.dll+0x1370625]
#
# No core dump will be written. Minidumps are not enabled by default on client versions of Windows
#
# If you would like to submit a bug report, please visit:
#   https://github.com/AdoptOpenJDK/openjdk-support/issues
# The crash happened outside the Java Virtual Machine in native code.
# See problematic frame for where to report the bug.
#

---------------  S U M M A R Y ------------

Command Line: -Dfile.encoding=windows-1252 -Duser.country=US -Duser.language=en -Duser.variant educanet.Main

Host: Intel(R) Core(TM) i5-9400F CPU @ 2.90GHz, 6 cores, 15G,  Windows 10 , 64 bit Build 19041 (10.0.19041.928)
Time: Fri May  7 08:22:26 2021 Central Europe Daylight Time elapsed time: 27 seconds (0d 0h 0m 27s)

---------------  T H R E A D  ---------------

Current thread (0x000002434d09b000):  JavaThread "main" [_thread_in_native, id=15268, stack(0x00000051be200000,0x00000051be300000)]

Stack: [0x00000051be200000,0x00000051be300000],  sp=0x00000051be2fecf0,  free space=1019k
Native frames: (J=compiled Java code, j=interpreted, Vv=VM code, C=native code)
C  [atio6axx.dll+0x1370625]

Java frames: (J=compiled Java code, j=interpreted, Vv=VM code)
J 741  org.lwjgl.system.JNI.invokeV(J)V (0 bytes) @ 0x000002435edfb9f1 [0x000002435edfb9a0+0x0000000000000051]
J 1023% c1 educanet.Main.main([Ljava/lang/String;)V (140 bytes) @ 0x0000024357a4c334 [0x0000024357a4b060+0x00000000000012d4]
v  ~StubRoutines::call_stub

siginfo: EXCEPTION_ACCESS_VIOLATION (0xc0000005), reading address 0x0000000000000058


Register to memory mapping:

RIP=0x00007fffd08c0625 atio6axx.dll
RAX=0x0 is NULL
RBX=0x0000024377ce90e0 points into unknown readable memory: 10 60 7b 77 43 02 00 00
RCX=0x0 is NULL
RDX=0x0000024373555bb0 points into unknown readable memory: 58 de c5 d1 ff 7f 00 00
RSP=0x00000051be2fecf0 is pointing into the stack for thread: 0x000002434d09b000
RBP=0x00000243772d9550 points into unknown readable memory: b0 ea 3b 77 43 02 00 00
RSI=0x0000024373555bb0 points into unknown readable memory: 58 de c5 d1 ff 7f 00 00
RDI=0x00000243777b6010 points into unknown readable memory: f0 6e 81 77 43 02 00 00
R8 =0x00000243772d9550 points into unknown readable memory: b0 ea 3b 77 43 02 00 00
R9 =0x00000243777b6010 points into unknown readable memory: f0 6e 81 77 43 02 00 00
R10=0x0000000000008000 is an unknown value
R11=0x00000051be2fec50 is pointing into the stack for thread: 0x000002434d09b000
R12=0x0 is NULL
R13=0x0 is NULL
R14=0x0000024377cb27b0 points into unknown readable memory: a8 1c c7 d1 ff 7f 00 00
R15=0x0000024377121d00 points into unknown readable memory: 04 00 00 00 00 00 00 00


Registers:
RAX=0x0000000000000000, RBX=0x0000024377ce90e0, RCX=0x0000000000000000, RDX=0x0000024373555bb0
RSP=0x00000051be2fecf0, RBP=0x00000243772d9550, RSI=0x0000024373555bb0, RDI=0x00000243777b6010
R8 =0x00000243772d9550, R9 =0x00000243777b6010, R10=0x0000000000008000, R11=0x00000051be2fec50
R12=0x0000000000000000, R13=0x0000000000000000, R14=0x0000024377cb27b0, R15=0x0000024377121d00
RIP=0x00007fffd08c0625, EFLAGS=0x0000000000010246

Top of Stack: (sp=0x00000051be2fecf0)
0x00000051be2fecf0:   0000024377ce9160 0000024300000000
0x00000051be2fed00:   0000024373555bb0 0000000000000000
0x00000051be2fed10:   0000000000000000 00000243772d9550
0x00000051be2fed20:   0000000000000000 0000000000000000
0x00000051be2fed30:   0000024373555bb0 0000024377121d00
0x00000051be2fed40:   0000024377121d00 00007fffd08d1e71
0x00000051be2fed50:   00000243772d9550 0000000000000000
0x00000051be2fed60:   00000243772d9550 0000000000000000
0x00000051be2fed70:   0000024377309a30 00007fffd0845998
0x00000051be2fed80:   0000024377309a30 0000024373555bb0
0x00000051be2fed90:   0000000000000000 00000243770811b8
0x00000051be2feda0:   00000243770809d0 00000243741490c0
0x00000051be2fedb0:   0000024377080a90 00007fffd0081acd
0x00000051be2fedc0:   0000000000000000 0000000000000000
0x00000051be2fedd0:   0000000000003ba4 0000024377080a50
0x00000051be2fede0:   00000243770809d0 00000243741490c0 

Instructions: (pc=0x00007fffd08c0625)
0x00007fffd08c0525:   8b cb ff 10 45 33 c9 45 33 c0 48 8b d5 48 8b cf
0x00007fffd08c0535:   e8 56 00 00 00 b0 01 eb 2b f3 0f 10 5c 24 78 48
0x00007fffd08c0545:   8b d5 45 8b 46 44 48 8b cf 48 89 5c 24 28 c7 44
0x00007fffd08c0555:   24 20 02 00 00 00 e8 a0 f2 ff ff 48 85 c0 0f 85
0x00007fffd08c0565:   53 ff ff ff 48 8b 5c 24 58 48 8b 6c 24 60 48 8b
0x00007fffd08c0575:   74 24 68 48 83 c4 30 41 5f 41 5e 5f c3 cc cc cc
0x00007fffd08c0585:   cc cc cc cc cc cc cc cc cc cc cc 40 53 55 56 41
0x00007fffd08c0595:   54 41 57 48 83 ec 30 48 8b 59 10 4d 8b e1 4d 8b
0x00007fffd08c05a5:   f8 48 8b ea 48 8b f1 48 85 db 0f 84 1d 01 00 00
0x00007fffd08c05b5:   4c 89 6c 24 68 45 33 ed 48 89 7c 24 60 4c 89 74
0x00007fffd08c05c5:   24 70 48 8b 13 4d 85 ff 74 1b 48 8b 42 10 48 85
0x00007fffd08c05d5:   c0 74 0a 48 8b 40 58 48 8b 48 08 eb 03 49 8b cd
0x00007fffd08c05e5:   4c 3b f9 74 20 48 8b 4a 28 48 85 c9 74 17 48 8b
0x00007fffd08c05f5:   01 48 8b 55 20 ff 50 38 84 c0 75 09 48 8b 5b 08
0x00007fffd08c0605:   e9 b0 00 00 00 48 8b 3b 44 38 6f 48 75 45 48 8b
0x00007fffd08c0615:   4f 10 4c 8b cf 4c 8b c5 4c 89 64 24 20 48 8b d6
0x00007fffd08c0625:   48 8b 49 58 e8 82 08 01 00 4c 8b 77 28 4d 85 f6
0x00007fffd08c0635:   74 21 49 8b 06 49 8b ce 48 8b 55 20 ff 90 a0 00
0x00007fffd08c0645:   00 00 49 8b 06 ba 01 00 00 00 49 8b ce ff 10 4c
0x00007fffd08c0655:   89 6f 28 48 8b cf e8 80 fa 00 00 4c 8d 43 08 48
0x00007fffd08c0665:   8b d3 49 8b 18 48 85 db 75 0e 48 8b 46 18 48 8b
0x00007fffd08c0675:   48 10 48 89 4e 18 eb 08 48 8b 42 10 48 89 43 10
0x00007fffd08c0685:   48 8b 4a 10 48 85 c9 75 17 48 8b 46 10 48 8b 48
0x00007fffd08c0695:   08 48 89 4e 10 48 85 c9 75 0d 4c 89 6e 18 eb 07
0x00007fffd08c06a5:   49 8b 00 48 89 41 08 48 83 fa 01 74 08 48 8b ca
0x00007fffd08c06b5:   e8 5e a4 79 00 48 85 db 0f 85 04 ff ff ff 4c 8b
0x00007fffd08c06c5:   74 24 70 4c 8b 6c 24 68 48 8b 7c 24 60 48 83 c4
0x00007fffd08c06d5:   30 41 5f 41 5c 5e 5d 5b c3 cc cc 4c 89 44 24 18
0x00007fffd08c06e5:   53 55 41 55 41 56 41 57 48 81 ec 80 00 00 00 48
0x00007fffd08c06f5:   8b ac 24 d8 00 00 00 4d 8b e9 4c 8b fa 4c 8b f1
0x00007fffd08c0705:   48 85 ed 75 04 48 8b 69 08 8b 94 24 d0 00 00 00
0x00007fffd08c0715:   4c 8d 8c 24 d8 00 00 00 4c 8d 44 24 60 49 8b cf 


Stack slot to memory mapping:
stack at sp + 0 slots: 0x0000024377ce9160 points into unknown readable memory: 00 6b 7b 77 43 02 00 00
stack at sp + 1 slots: 0x0000024300000000 is an unknown value
stack at sp + 2 slots: 0x0000024373555bb0 points into unknown readable memory: 58 de c5 d1 ff 7f 00 00
stack at sp + 3 slots: 0x0 is NULL
stack at sp + 4 slots: 0x0 is NULL
stack at sp + 5 slots: 0x00000243772d9550 points into unknown readable memory: b0 ea 3b 77 43 02 00 00
stack at sp + 6 slots: 0x0 is NULL
stack at sp + 7 slots: 0x0 is NULL


---------------  P R O C E S S  ---------------

Threads class SMR info:
_java_thread_list=0x00000243735af520, length=11, elements={
0x000002434d09b000, 0x0000024372bf9800, 0x0000024372bfb000, 0x0000024372c16000,
0x0000024372c19800, 0x0000024372c1a800, 0x0000024372c1b800, 0x00000243734a2000,
0x00000243734a3000, 0x00000243735e8000, 0x0000024373603000
}

Java Threads: ( => current thread )
=>0x000002434d09b000 JavaThread "main" [_thread_in_native, id=15268, stack(0x00000051be200000,0x00000051be300000)]
  0x0000024372bf9800 JavaThread "Reference Handler" daemon [_thread_blocked, id=13668, stack(0x00000051be900000,0x00000051bea00000)]
  0x0000024372bfb000 JavaThread "Finalizer" daemon [_thread_blocked, id=11028, stack(0x00000051bea00000,0x00000051beb00000)]
  0x0000024372c16000 JavaThread "Signal Dispatcher" daemon [_thread_blocked, id=7668, stack(0x00000051beb00000,0x00000051bec00000)]
  0x0000024372c19800 JavaThread "Attach Listener" daemon [_thread_blocked, id=7068, stack(0x00000051bec00000,0x00000051bed00000)]
  0x0000024372c1a800 JavaThread "Service Thread" daemon [_thread_blocked, id=11504, stack(0x00000051bed00000,0x00000051bee00000)]
  0x0000024372c1b800 JavaThread "C2 CompilerThread0" daemon [_thread_blocked, id=15828, stack(0x00000051bee00000,0x00000051bef00000)]
  0x00000243734a2000 JavaThread "C1 CompilerThread0" daemon [_thread_blocked, id=17848, stack(0x00000051bef00000,0x00000051bf000000)]
  0x00000243734a3000 JavaThread "Sweeper thread" daemon [_thread_blocked, id=7440, stack(0x00000051bf000000,0x00000051bf100000)]
  0x00000243735e8000 JavaThread "Notification Thread" daemon [_thread_blocked, id=7732, stack(0x00000051bf100000,0x00000051bf200000)]
  0x0000024373603000 JavaThread "Common-Cleaner" daemon [_thread_blocked, id=15812, stack(0x00000051bf300000,0x00000051bf400000)]

Other Threads:
  0x0000024372bef800 VMThread "VM Thread" [stack: 0x00000051be800000,0x00000051be900000] [id=17752]
  0x00000243735e9000 WatcherThread [stack: 0x00000051bf200000,0x00000051bf300000] [id=5732]
  0x000002434d103000 GCTaskThread "GC Thread#0" [stack: 0x00000051be300000,0x00000051be400000] [id=5876]
  0x000002437cffb000 GCTaskThread "GC Thread#1" [stack: 0x00000051bf700000,0x00000051bf800000] [id=17696]
  0x000002437776c000 GCTaskThread "GC Thread#2" [stack: 0x00000051bf800000,0x00000051bf900000] [id=15096]
  0x000002437776c800 GCTaskThread "GC Thread#3" [stack: 0x00000051bf900000,0x00000051bfa00000] [id=3468]
  0x0000024377d08000 GCTaskThread "GC Thread#4" [stack: 0x00000051bfa00000,0x00000051bfb00000] [id=9012]
  0x0000024377d08800 GCTaskThread "GC Thread#5" [stack: 0x00000051bfb00000,0x00000051bfc00000] [id=11252]
  0x000002434d125000 ConcurrentGCThread "G1 Main Marker" [stack: 0x00000051be400000,0x00000051be500000] [id=940]
  0x000002434d127000 ConcurrentGCThread "G1 Conc#0" [stack: 0x00000051be500000,0x00000051be600000] [id=18328]
  0x0000024372ada000 ConcurrentGCThread "G1 Refine#0" [stack: 0x00000051be600000,0x00000051be700000] [id=17312]
  0x0000024372adb000 ConcurrentGCThread "G1 Young RemSet Sampling" [stack: 0x00000051be700000,0x00000051be800000] [id=1332]

Threads with active compile tasks:

VM state:not at safepoint (normal execution)

VM Mutex/Monitor currently owned by a thread: None

Heap address: 0x0000000701400000, size: 4076 MB, Compressed Oops mode: Zero based, Oop shift amount: 3
Narrow klass base: 0x0000000800000000, Narrow klass shift: 3
Compressed class space size: 1073741824 Address: 0x0000000800b30000

Heap:
 garbage-first heap   total 262144K, used 140072K [0x0000000701400000, 0x0000000800000000)
  region size 1024K, 138 young (141312K), 4 survivors (4096K)
 Metaspace       used 7190K, capacity 10007K, committed 10112K, reserved 1058816K
  class space    used 344K, capacity 639K, committed 640K, reserved 1048576K
Heap Regions: E=young(eden), S=young(survivor), O=old, HS=humongous(starts), HC=humongous(continues), CS=collection set, F=free, OA=open archive, CA=closed archive, TAMS=top-at-mark-start (previous, next)
|   0|0x0000000701400000, 0x0000000701400000, 0x0000000701500000|  0%| F|  |TAMS 0x0000000701400000, 0x0000000701400000| Untracked 
|   1|0x0000000701500000, 0x0000000701500000, 0x0000000701600000|  0%| F|  |TAMS 0x0000000701500000, 0x0000000701500000| Untracked 
|   2|0x0000000701600000, 0x0000000701600000, 0x0000000701700000|  0%| F|  |TAMS 0x0000000701600000, 0x0000000701600000| Untracked 
|   3|0x0000000701700000, 0x0000000701700000, 0x0000000701800000|  0%| F|  |TAMS 0x0000000701700000, 0x0000000701700000| Untracked 
|   4|0x0000000701800000, 0x0000000701800000, 0x0000000701900000|  0%| F|  |TAMS 0x0000000701800000, 0x0000000701800000| Untracked 
|   5|0x0000000701900000, 0x0000000701900000, 0x0000000701a00000|  0%| F|  |TAMS 0x0000000701900000, 0x0000000701900000| Untracked 
|   6|0x0000000701a00000, 0x0000000701a00000, 0x0000000701b00000|  0%| F|  |TAMS 0x0000000701a00000, 0x0000000701a00000| Untracked 
|   7|0x0000000701b00000, 0x0000000701b00000, 0x0000000701c00000|  0%| F|  |TAMS 0x0000000701b00000, 0x0000000701b00000| Untracked 
|   8|0x0000000701c00000, 0x0000000701c00000, 0x0000000701d00000|  0%| F|  |TAMS 0x0000000701c00000, 0x0000000701c00000| Untracked 
|   9|0x0000000701d00000, 0x0000000701d00000, 0x0000000701e00000|  0%| F|  |TAMS 0x0000000701d00000, 0x0000000701d00000| Untracked 
|  10|0x0000000701e00000, 0x0000000701e00000, 0x0000000701f00000|  0%| F|  |TAMS 0x0000000701e00000, 0x0000000701e00000| Untracked 
|  11|0x0000000701f00000, 0x0000000701f00000, 0x0000000702000000|  0%| F|  |TAMS 0x0000000701f00000, 0x0000000701f00000| Untracked 
|  12|0x0000000702000000, 0x0000000702000000, 0x0000000702100000|  0%| F|  |TAMS 0x0000000702000000, 0x0000000702000000| Untracked 
|  13|0x0000000702100000, 0x0000000702100000, 0x0000000702200000|  0%| F|  |TAMS 0x0000000702100000, 0x0000000702100000| Untracked 
|  14|0x0000000702200000, 0x0000000702200000, 0x0000000702300000|  0%| F|  |TAMS 0x0000000702200000, 0x0000000702200000| Untracked 
|  15|0x0000000702300000, 0x0000000702300000, 0x0000000702400000|  0%| F|  |TAMS 0x0000000702300000, 0x0000000702300000| Untracked 
|  16|0x0000000702400000, 0x0000000702400000, 0x0000000702500000|  0%| F|  |TAMS 0x0000000702400000, 0x0000000702400000| Untracked 
|  17|0x0000000702500000, 0x0000000702500000, 0x0000000702600000|  0%| F|  |TAMS 0x0000000702500000, 0x0000000702500000| Untracked 
|  18|0x0000000702600000, 0x0000000702600000, 0x0000000702700000|  0%| F|  |TAMS 0x0000000702600000, 0x0000000702600000| Untracked 
|  19|0x0000000702700000, 0x0000000702700000, 0x0000000702800000|  0%| F|  |TAMS 0x0000000702700000, 0x0000000702700000| Untracked 
|  20|0x0000000702800000, 0x0000000702800000, 0x0000000702900000|  0%| F|  |TAMS 0x0000000702800000, 0x0000000702800000| Untracked 
|  21|0x0000000702900000, 0x0000000702900000, 0x0000000702a00000|  0%| F|  |TAMS 0x0000000702900000, 0x0000000702900000| Untracked 
|  22|0x0000000702a00000, 0x0000000702a00000, 0x0000000702b00000|  0%| F|  |TAMS 0x0000000702a00000, 0x0000000702a00000| Untracked 
|  23|0x0000000702b00000, 0x0000000702b00000, 0x0000000702c00000|  0%| F|  |TAMS 0x0000000702b00000, 0x0000000702b00000| Untracked 
|  24|0x0000000702c00000, 0x0000000702c00000, 0x0000000702d00000|  0%| F|  |TAMS 0x0000000702c00000, 0x0000000702c00000| Untracked 
|  25|0x0000000702d00000, 0x0000000702d00000, 0x0000000702e00000|  0%| F|  |TAMS 0x0000000702d00000, 0x0000000702d00000| Untracked 
|  26|0x0000000702e00000, 0x0000000702e00000, 0x0000000702f00000|  0%| F|  |TAMS 0x0000000702e00000, 0x0000000702e00000| Untracked 
|  27|0x0000000702f00000, 0x0000000702f00000, 0x0000000703000000|  0%| F|  |TAMS 0x0000000702f00000, 0x0000000702f00000| Untracked 
|  28|0x0000000703000000, 0x0000000703000000, 0x0000000703100000|  0%| F|  |TAMS 0x0000000703000000, 0x0000000703000000| Untracked 
|  29|0x0000000703100000, 0x0000000703100000, 0x0000000703200000|  0%| F|  |TAMS 0x0000000703100000, 0x0000000703100000| Untracked 
|  30|0x0000000703200000, 0x0000000703200000, 0x0000000703300000|  0%| F|  |TAMS 0x0000000703200000, 0x0000000703200000| Untracked 
|  31|0x0000000703300000, 0x0000000703300000, 0x0000000703400000|  0%| F|  |TAMS 0x0000000703300000, 0x0000000703300000| Untracked 
|  32|0x0000000703400000, 0x0000000703400000, 0x0000000703500000|  0%| F|  |TAMS 0x0000000703400000, 0x0000000703400000| Untracked 
|  33|0x0000000703500000, 0x0000000703500000, 0x0000000703600000|  0%| F|  |TAMS 0x0000000703500000, 0x0000000703500000| Untracked 
|  34|0x0000000703600000, 0x0000000703600000, 0x0000000703700000|  0%| F|  |TAMS 0x0000000703600000, 0x0000000703600000| Untracked 
|  35|0x0000000703700000, 0x0000000703700000, 0x0000000703800000|  0%| F|  |TAMS 0x0000000703700000, 0x0000000703700000| Untracked 
|  36|0x0000000703800000, 0x0000000703800000, 0x0000000703900000|  0%| F|  |TAMS 0x0000000703800000, 0x0000000703800000| Untracked 
|  37|0x0000000703900000, 0x0000000703900000, 0x0000000703a00000|  0%| F|  |TAMS 0x0000000703900000, 0x0000000703900000| Untracked 
|  38|0x0000000703a00000, 0x0000000703a00000, 0x0000000703b00000|  0%| F|  |TAMS 0x0000000703a00000, 0x0000000703a00000| Untracked 
|  39|0x0000000703b00000, 0x0000000703b00000, 0x0000000703c00000|  0%| F|  |TAMS 0x0000000703b00000, 0x0000000703b00000| Untracked 
|  40|0x0000000703c00000, 0x0000000703c00000, 0x0000000703d00000|  0%| F|  |TAMS 0x0000000703c00000, 0x0000000703c00000| Untracked 
|  41|0x0000000703d00000, 0x0000000703d00000, 0x0000000703e00000|  0%| F|  |TAMS 0x0000000703d00000, 0x0000000703d00000| Untracked 
|  42|0x0000000703e00000, 0x0000000703e00000, 0x0000000703f00000|  0%| F|  |TAMS 0x0000000703e00000, 0x0000000703e00000| Untracked 
|  43|0x0000000703f00000, 0x0000000703f00000, 0x0000000704000000|  0%| F|  |TAMS 0x0000000703f00000, 0x0000000703f00000| Untracked 
|  44|0x0000000704000000, 0x0000000704000000, 0x0000000704100000|  0%| F|  |TAMS 0x0000000704000000, 0x0000000704000000| Untracked 
|  45|0x0000000704100000, 0x0000000704100000, 0x0000000704200000|  0%| F|  |TAMS 0x0000000704100000, 0x0000000704100000| Untracked 
|  46|0x0000000704200000, 0x0000000704200000, 0x0000000704300000|  0%| F|  |TAMS 0x0000000704200000, 0x0000000704200000| Untracked 
|  47|0x0000000704300000, 0x0000000704300000, 0x0000000704400000|  0%| F|  |TAMS 0x0000000704300000, 0x0000000704300000| Untracked 
|  48|0x0000000704400000, 0x0000000704400000, 0x0000000704500000|  0%| F|  |TAMS 0x0000000704400000, 0x0000000704400000| Untracked 
|  49|0x0000000704500000, 0x0000000704500000, 0x0000000704600000|  0%| F|  |TAMS 0x0000000704500000, 0x0000000704500000| Untracked 
|  50|0x0000000704600000, 0x0000000704600000, 0x0000000704700000|  0%| F|  |TAMS 0x0000000704600000, 0x0000000704600000| Untracked 
|  51|0x0000000704700000, 0x0000000704700000, 0x0000000704800000|  0%| F|  |TAMS 0x0000000704700000, 0x0000000704700000| Untracked 
|  52|0x0000000704800000, 0x0000000704800000, 0x0000000704900000|  0%| F|  |TAMS 0x0000000704800000, 0x0000000704800000| Untracked 
|  53|0x0000000704900000, 0x0000000704900000, 0x0000000704a00000|  0%| F|  |TAMS 0x0000000704900000, 0x0000000704900000| Untracked 
|  54|0x0000000704a00000, 0x0000000704a00000, 0x0000000704b00000|  0%| F|  |TAMS 0x0000000704a00000, 0x0000000704a00000| Untracked 
|  55|0x0000000704b00000, 0x0000000704b00000, 0x0000000704c00000|  0%| F|  |TAMS 0x0000000704b00000, 0x0000000704b00000| Untracked 
|  56|0x0000000704c00000, 0x0000000704c00000, 0x0000000704d00000|  0%| F|  |TAMS 0x0000000704c00000, 0x0000000704c00000| Untracked 
|  57|0x0000000704d00000, 0x0000000704d00000, 0x0000000704e00000|  0%| F|  |TAMS 0x0000000704d00000, 0x0000000704d00000| Untracked 
|  58|0x0000000704e00000, 0x0000000704e00000, 0x0000000704f00000|  0%| F|  |TAMS 0x0000000704e00000, 0x0000000704e00000| Untracked 
|  59|0x0000000704f00000, 0x0000000704f00000, 0x0000000705000000|  0%| F|  |TAMS 0x0000000704f00000, 0x0000000704f00000| Untracked 
|  60|0x0000000705000000, 0x0000000705000000, 0x0000000705100000|  0%| F|  |TAMS 0x0000000705000000, 0x0000000705000000| Untracked 
|  61|0x0000000705100000, 0x0000000705100000, 0x0000000705200000|  0%| F|  |TAMS 0x0000000705100000, 0x0000000705100000| Untracked 
|  62|0x0000000705200000, 0x0000000705200000, 0x0000000705300000|  0%| F|  |TAMS 0x0000000705200000, 0x0000000705200000| Untracked 
|  63|0x0000000705300000, 0x0000000705300000, 0x0000000705400000|  0%| F|  |TAMS 0x0000000705300000, 0x0000000705300000| Untracked 
|  64|0x0000000705400000, 0x0000000705400000, 0x0000000705500000|  0%| F|  |TAMS 0x0000000705400000, 0x0000000705400000| Untracked 
|  65|0x0000000705500000, 0x0000000705500000, 0x0000000705600000|  0%| F|  |TAMS 0x0000000705500000, 0x0000000705500000| Untracked 
|  66|0x0000000705600000, 0x0000000705600000, 0x0000000705700000|  0%| F|  |TAMS 0x0000000705600000, 0x0000000705600000| Untracked 
|  67|0x0000000705700000, 0x0000000705700000, 0x0000000705800000|  0%| F|  |TAMS 0x0000000705700000, 0x0000000705700000| Untracked 
|  68|0x0000000705800000, 0x0000000705800000, 0x0000000705900000|  0%| F|  |TAMS 0x0000000705800000, 0x0000000705800000| Untracked 
|  69|0x0000000705900000, 0x0000000705900000, 0x0000000705a00000|  0%| F|  |TAMS 0x0000000705900000, 0x0000000705900000| Untracked 
|  70|0x0000000705a00000, 0x0000000705a00000, 0x0000000705b00000|  0%| F|  |TAMS 0x0000000705a00000, 0x0000000705a00000| Untracked 
|  71|0x0000000705b00000, 0x0000000705b00000, 0x0000000705c00000|  0%| F|  |TAMS 0x0000000705b00000, 0x0000000705b00000| Untracked 
|  72|0x0000000705c00000, 0x0000000705c00000, 0x0000000705d00000|  0%| F|  |TAMS 0x0000000705c00000, 0x0000000705c00000| Untracked 
|  73|0x0000000705d00000, 0x0000000705d00000, 0x0000000705e00000|  0%| F|  |TAMS 0x0000000705d00000, 0x0000000705d00000| Untracked 
|  74|0x0000000705e00000, 0x0000000705e00000, 0x0000000705f00000|  0%| F|  |TAMS 0x0000000705e00000, 0x0000000705e00000| Untracked 
|  75|0x0000000705f00000, 0x0000000705f00000, 0x0000000706000000|  0%| F|  |TAMS 0x0000000705f00000, 0x0000000705f00000| Untracked 
|  76|0x0000000706000000, 0x0000000706000000, 0x0000000706100000|  0%| F|  |TAMS 0x0000000706000000, 0x0000000706000000| Untracked 
|  77|0x0000000706100000, 0x0000000706100000, 0x0000000706200000|  0%| F|  |TAMS 0x0000000706100000, 0x0000000706100000| Untracked 
|  78|0x0000000706200000, 0x0000000706200000, 0x0000000706300000|  0%| F|  |TAMS 0x0000000706200000, 0x0000000706200000| Untracked 
|  79|0x0000000706300000, 0x0000000706300000, 0x0000000706400000|  0%| F|  |TAMS 0x0000000706300000, 0x0000000706300000| Untracked 
|  80|0x0000000706400000, 0x0000000706400000, 0x0000000706500000|  0%| F|  |TAMS 0x0000000706400000, 0x0000000706400000| Untracked 
|  81|0x0000000706500000, 0x0000000706500000, 0x0000000706600000|  0%| F|  |TAMS 0x0000000706500000, 0x0000000706500000| Untracked 
|  82|0x0000000706600000, 0x0000000706600000, 0x0000000706700000|  0%| F|  |TAMS 0x0000000706600000, 0x0000000706600000| Untracked 
|  83|0x0000000706700000, 0x0000000706700000, 0x0000000706800000|  0%| F|  |TAMS 0x0000000706700000, 0x0000000706700000| Untracked 
|  84|0x0000000706800000, 0x0000000706800000, 0x0000000706900000|  0%| F|  |TAMS 0x0000000706800000, 0x0000000706800000| Untracked 
|  85|0x0000000706900000, 0x0000000706900000, 0x0000000706a00000|  0%| F|  |TAMS 0x0000000706900000, 0x0000000706900000| Untracked 
|  86|0x0000000706a00000, 0x0000000706a00000, 0x0000000706b00000|  0%| F|  |TAMS 0x0000000706a00000, 0x0000000706a00000| Untracked 
|  87|0x0000000706b00000, 0x0000000706b00000, 0x0000000706c00000|  0%| F|  |TAMS 0x0000000706b00000, 0x0000000706b00000| Untracked 
|  88|0x0000000706c00000, 0x0000000706c00000, 0x0000000706d00000|  0%| F|  |TAMS 0x0000000706c00000, 0x0000000706c00000| Untracked 
|  89|0x0000000706d00000, 0x0000000706d00000, 0x0000000706e00000|  0%| F|  |TAMS 0x0000000706d00000, 0x0000000706d00000| Untracked 
|  90|0x0000000706e00000, 0x0000000706e00000, 0x0000000706f00000|  0%| F|  |TAMS 0x0000000706e00000, 0x0000000706e00000| Untracked 
|  91|0x0000000706f00000, 0x0000000706f00000, 0x0000000707000000|  0%| F|  |TAMS 0x0000000706f00000, 0x0000000706f00000| Untracked 
|  92|0x0000000707000000, 0x0000000707000000, 0x0000000707100000|  0%| F|  |TAMS 0x0000000707000000, 0x0000000707000000| Untracked 
|  93|0x0000000707100000, 0x0000000707100000, 0x0000000707200000|  0%| F|  |TAMS 0x0000000707100000, 0x0000000707100000| Untracked 
|  94|0x0000000707200000, 0x0000000707200000, 0x0000000707300000|  0%| F|  |TAMS 0x0000000707200000, 0x0000000707200000| Untracked 
|  95|0x0000000707300000, 0x0000000707300000, 0x0000000707400000|  0%| F|  |TAMS 0x0000000707300000, 0x0000000707300000| Untracked 
|  96|0x0000000707400000, 0x0000000707400000, 0x0000000707500000|  0%| F|  |TAMS 0x0000000707400000, 0x0000000707400000| Untracked 
|  97|0x0000000707500000, 0x0000000707500000, 0x0000000707600000|  0%| F|  |TAMS 0x0000000707500000, 0x0000000707500000| Untracked 
|  98|0x0000000707600000, 0x0000000707600000, 0x0000000707700000|  0%| F|  |TAMS 0x0000000707600000, 0x0000000707600000| Untracked 
|  99|0x0000000707700000, 0x0000000707700000, 0x0000000707800000|  0%| F|  |TAMS 0x0000000707700000, 0x0000000707700000| Untracked 
| 100|0x0000000707800000, 0x0000000707800000, 0x0000000707900000|  0%| F|  |TAMS 0x0000000707800000, 0x0000000707800000| Untracked 
| 101|0x0000000707900000, 0x0000000707900000, 0x0000000707a00000|  0%| F|  |TAMS 0x0000000707900000, 0x0000000707900000| Untracked 
| 102|0x0000000707a00000, 0x0000000707a00000, 0x0000000707b00000|  0%| F|  |TAMS 0x0000000707a00000, 0x0000000707a00000| Untracked 
| 103|0x0000000707b00000, 0x0000000707bca340, 0x0000000707c00000| 78%| S|CS|TAMS 0x0000000707b00000, 0x0000000707b00000| Complete 
| 104|0x0000000707c00000, 0x0000000707d00000, 0x0000000707d00000|100%| S|CS|TAMS 0x0000000707c00000, 0x0000000707c00000| Complete 
| 105|0x0000000707d00000, 0x0000000707e00000, 0x0000000707e00000|100%| S|CS|TAMS 0x0000000707d00000, 0x0000000707d00000| Complete 
| 106|0x0000000707e00000, 0x0000000707f00000, 0x0000000707f00000|100%| S|CS|TAMS 0x0000000707e00000, 0x0000000707e00000| Complete 
| 107|0x0000000707f00000, 0x0000000707f00000, 0x0000000708000000|  0%| F|  |TAMS 0x0000000707f00000, 0x0000000707f00000| Untracked 
| 108|0x0000000708000000, 0x0000000708000000, 0x0000000708100000|  0%| F|  |TAMS 0x0000000708000000, 0x0000000708000000| Untracked 
| 109|0x0000000708100000, 0x0000000708100000, 0x0000000708200000|  0%| F|  |TAMS 0x0000000708100000, 0x0000000708100000| Untracked 
| 110|0x0000000708200000, 0x0000000708200000, 0x0000000708300000|  0%| F|  |TAMS 0x0000000708200000, 0x0000000708200000| Untracked 
| 111|0x0000000708300000, 0x0000000708300000, 0x0000000708400000|  0%| F|  |TAMS 0x0000000708300000, 0x0000000708300000| Untracked 
| 112|0x0000000708400000, 0x0000000708400000, 0x0000000708500000|  0%| F|  |TAMS 0x0000000708400000, 0x0000000708400000| Untracked 
| 113|0x0000000708500000, 0x0000000708500000, 0x0000000708600000|  0%| F|  |TAMS 0x0000000708500000, 0x0000000708500000| Untracked 
| 114|0x0000000708600000, 0x0000000708600000, 0x0000000708700000|  0%| F|  |TAMS 0x0000000708600000, 0x0000000708600000| Untracked 
| 115|0x0000000708700000, 0x0000000708700000, 0x0000000708800000|  0%| F|  |TAMS 0x0000000708700000, 0x0000000708700000| Untracked 
| 116|0x0000000708800000, 0x0000000708800000, 0x0000000708900000|  0%| F|  |TAMS 0x0000000708800000, 0x0000000708800000| Untracked 
| 117|0x0000000708900000, 0x0000000708900000, 0x0000000708a00000|  0%| F|  |TAMS 0x0000000708900000, 0x0000000708900000| Untracked 
| 118|0x0000000708a00000, 0x0000000708a00000, 0x0000000708b00000|  0%| F|  |TAMS 0x0000000708a00000, 0x0000000708a00000| Untracked 
| 119|0x0000000708b00000, 0x0000000708b00000, 0x0000000708c00000|  0%| F|  |TAMS 0x0000000708b00000, 0x0000000708b00000| Untracked 
| 120|0x0000000708c00000, 0x0000000708c00000, 0x0000000708d00000|  0%| F|  |TAMS 0x0000000708c00000, 0x0000000708c00000| Untracked 
| 121|0x0000000708d00000, 0x0000000708d00000, 0x0000000708e00000|  0%| F|  |TAMS 0x0000000708d00000, 0x0000000708d00000| Untracked 
| 122|0x0000000708e00000, 0x0000000708e80800, 0x0000000708f00000| 50%| E|  |TAMS 0x0000000708e00000, 0x0000000708e00000| Complete 
| 123|0x0000000708f00000, 0x0000000709000000, 0x0000000709000000|100%| E|CS|TAMS 0x0000000708f00000, 0x0000000708f00000| Complete 
| 124|0x0000000709000000, 0x0000000709100000, 0x0000000709100000|100%| E|CS|TAMS 0x0000000709000000, 0x0000000709000000| Complete 
| 125|0x0000000709100000, 0x0000000709200000, 0x0000000709200000|100%| E|CS|TAMS 0x0000000709100000, 0x0000000709100000| Complete 
| 126|0x0000000709200000, 0x0000000709300000, 0x0000000709300000|100%| E|CS|TAMS 0x0000000709200000, 0x0000000709200000| Complete 
| 127|0x0000000709300000, 0x0000000709400000, 0x0000000709400000|100%| E|CS|TAMS 0x0000000709300000, 0x0000000709300000| Complete 
| 128|0x0000000709400000, 0x0000000709500000, 0x0000000709500000|100%| E|CS|TAMS 0x0000000709400000, 0x0000000709400000| Complete 
| 129|0x0000000709500000, 0x0000000709600000, 0x0000000709600000|100%| E|CS|TAMS 0x0000000709500000, 0x0000000709500000| Complete 
| 130|0x0000000709600000, 0x0000000709700000, 0x0000000709700000|100%| E|CS|TAMS 0x0000000709600000, 0x0000000709600000| Complete 
| 131|0x0000000709700000, 0x0000000709800000, 0x0000000709800000|100%| E|CS|TAMS 0x0000000709700000, 0x0000000709700000| Complete 
| 132|0x0000000709800000, 0x0000000709900000, 0x0000000709900000|100%| E|CS|TAMS 0x0000000709800000, 0x0000000709800000| Complete 
| 133|0x0000000709900000, 0x0000000709a00000, 0x0000000709a00000|100%| E|CS|TAMS 0x0000000709900000, 0x0000000709900000| Complete 
| 134|0x0000000709a00000, 0x0000000709b00000, 0x0000000709b00000|100%| E|CS|TAMS 0x0000000709a00000, 0x0000000709a00000| Complete 
| 135|0x0000000709b00000, 0x0000000709c00000, 0x0000000709c00000|100%| E|CS|TAMS 0x0000000709b00000, 0x0000000709b00000| Complete 
| 136|0x0000000709c00000, 0x0000000709d00000, 0x0000000709d00000|100%| E|CS|TAMS 0x0000000709c00000, 0x0000000709c00000| Complete 
| 137|0x0000000709d00000, 0x0000000709e00000, 0x0000000709e00000|100%| E|CS|TAMS 0x0000000709d00000, 0x0000000709d00000| Complete 
| 138|0x0000000709e00000, 0x0000000709f00000, 0x0000000709f00000|100%| E|CS|TAMS 0x0000000709e00000, 0x0000000709e00000| Complete 
| 139|0x0000000709f00000, 0x000000070a000000, 0x000000070a000000|100%| E|CS|TAMS 0x0000000709f00000, 0x0000000709f00000| Complete 
| 140|0x000000070a000000, 0x000000070a100000, 0x000000070a100000|100%| E|CS|TAMS 0x000000070a000000, 0x000000070a000000| Complete 
| 141|0x000000070a100000, 0x000000070a200000, 0x000000070a200000|100%| E|CS|TAMS 0x000000070a100000, 0x000000070a100000| Complete 
| 142|0x000000070a200000, 0x000000070a300000, 0x000000070a300000|100%| E|CS|TAMS 0x000000070a200000, 0x000000070a200000| Complete 
| 143|0x000000070a300000, 0x000000070a400000, 0x000000070a400000|100%| E|CS|TAMS 0x000000070a300000, 0x000000070a300000| Complete 
| 144|0x000000070a400000, 0x000000070a500000, 0x000000070a500000|100%| E|CS|TAMS 0x000000070a400000, 0x000000070a400000| Complete 
| 145|0x000000070a500000, 0x000000070a600000, 0x000000070a600000|100%| E|CS|TAMS 0x000000070a500000, 0x000000070a500000| Complete 
| 146|0x000000070a600000, 0x000000070a700000, 0x000000070a700000|100%| E|CS|TAMS 0x000000070a600000, 0x000000070a600000| Complete 
| 147|0x000000070a700000, 0x000000070a800000, 0x000000070a800000|100%| E|CS|TAMS 0x000000070a700000, 0x000000070a700000| Complete 
| 148|0x000000070a800000, 0x000000070a900000, 0x000000070a900000|100%| E|CS|TAMS 0x000000070a800000, 0x000000070a800000| Complete 
| 149|0x000000070a900000, 0x000000070aa00000, 0x000000070aa00000|100%| E|CS|TAMS 0x000000070a900000, 0x000000070a900000| Complete 
| 150|0x000000070aa00000, 0x000000070ab00000, 0x000000070ab00000|100%| E|CS|TAMS 0x000000070aa00000, 0x000000070aa00000| Complete 
| 151|0x000000070ab00000, 0x000000070ac00000, 0x000000070ac00000|100%| E|CS|TAMS 0x000000070ab00000, 0x000000070ab00000| Complete 
| 152|0x000000070ac00000, 0x000000070ad00000, 0x000000070ad00000|100%| E|CS|TAMS 0x000000070ac00000, 0x000000070ac00000| Complete 
| 153|0x000000070ad00000, 0x000000070ae00000, 0x000000070ae00000|100%| E|CS|TAMS 0x000000070ad00000, 0x000000070ad00000| Complete 
| 154|0x000000070ae00000, 0x000000070af00000, 0x000000070af00000|100%| E|CS|TAMS 0x000000070ae00000, 0x000000070ae00000| Complete 
| 155|0x000000070af00000, 0x000000070b000000, 0x000000070b000000|100%| E|CS|TAMS 0x000000070af00000, 0x000000070af00000| Complete 
| 156|0x000000070b000000, 0x000000070b100000, 0x000000070b100000|100%| E|CS|TAMS 0x000000070b000000, 0x000000070b000000| Complete 
| 157|0x000000070b100000, 0x000000070b200000, 0x000000070b200000|100%| E|CS|TAMS 0x000000070b100000, 0x000000070b100000| Complete 
| 158|0x000000070b200000, 0x000000070b300000, 0x000000070b300000|100%| E|CS|TAMS 0x000000070b200000, 0x000000070b200000| Complete 
| 159|0x000000070b300000, 0x000000070b400000, 0x000000070b400000|100%| E|CS|TAMS 0x000000070b300000, 0x000000070b300000| Complete 
| 160|0x000000070b400000, 0x000000070b500000, 0x000000070b500000|100%| E|CS|TAMS 0x000000070b400000, 0x000000070b400000| Complete 
| 161|0x000000070b500000, 0x000000070b600000, 0x000000070b600000|100%| E|CS|TAMS 0x000000070b500000, 0x000000070b500000| Complete 
| 162|0x000000070b600000, 0x000000070b700000, 0x000000070b700000|100%| E|CS|TAMS 0x000000070b600000, 0x000000070b600000| Complete 
| 163|0x000000070b700000, 0x000000070b800000, 0x000000070b800000|100%| E|CS|TAMS 0x000000070b700000, 0x000000070b700000| Complete 
| 164|0x000000070b800000, 0x000000070b900000, 0x000000070b900000|100%| E|CS|TAMS 0x000000070b800000, 0x000000070b800000| Complete 
| 165|0x000000070b900000, 0x000000070ba00000, 0x000000070ba00000|100%| E|CS|TAMS 0x000000070b900000, 0x000000070b900000| Complete 
| 166|0x000000070ba00000, 0x000000070bb00000, 0x000000070bb00000|100%| E|CS|TAMS 0x000000070ba00000, 0x000000070ba00000| Complete 
| 167|0x000000070bb00000, 0x000000070bc00000, 0x000000070bc00000|100%| E|CS|TAMS 0x000000070bb00000, 0x000000070bb00000| Complete 
| 168|0x000000070bc00000, 0x000000070bd00000, 0x000000070bd00000|100%| E|CS|TAMS 0x000000070bc00000, 0x000000070bc00000| Complete 
| 169|0x000000070bd00000, 0x000000070be00000, 0x000000070be00000|100%| E|CS|TAMS 0x000000070bd00000, 0x000000070bd00000| Complete 
| 170|0x000000070be00000, 0x000000070bf00000, 0x000000070bf00000|100%| E|CS|TAMS 0x000000070be00000, 0x000000070be00000| Complete 
| 171|0x000000070bf00000, 0x000000070c000000, 0x000000070c000000|100%| E|CS|TAMS 0x000000070bf00000, 0x000000070bf00000| Complete 
| 172|0x000000070c000000, 0x000000070c100000, 0x000000070c100000|100%| E|CS|TAMS 0x000000070c000000, 0x000000070c000000| Complete 
| 173|0x000000070c100000, 0x000000070c200000, 0x000000070c200000|100%| E|CS|TAMS 0x000000070c100000, 0x000000070c100000| Complete 
| 174|0x000000070c200000, 0x000000070c300000, 0x000000070c300000|100%| E|CS|TAMS 0x000000070c200000, 0x000000070c200000| Complete 
| 175|0x000000070c300000, 0x000000070c400000, 0x000000070c400000|100%| E|CS|TAMS 0x000000070c300000, 0x000000070c300000| Complete 
| 176|0x000000070c400000, 0x000000070c500000, 0x000000070c500000|100%| E|CS|TAMS 0x000000070c400000, 0x000000070c400000| Complete 
| 177|0x000000070c500000, 0x000000070c600000, 0x000000070c600000|100%| E|CS|TAMS 0x000000070c500000, 0x000000070c500000| Complete 
| 178|0x000000070c600000, 0x000000070c700000, 0x000000070c700000|100%| E|CS|TAMS 0x000000070c600000, 0x000000070c600000| Complete 
| 179|0x000000070c700000, 0x000000070c800000, 0x000000070c800000|100%| E|CS|TAMS 0x000000070c700000, 0x000000070c700000| Complete 
| 180|0x000000070c800000, 0x000000070c900000, 0x000000070c900000|100%| E|CS|TAMS 0x000000070c800000, 0x000000070c800000| Complete 
| 181|0x000000070c900000, 0x000000070ca00000, 0x000000070ca00000|100%| E|CS|TAMS 0x000000070c900000, 0x000000070c900000| Complete 
| 182|0x000000070ca00000, 0x000000070cb00000, 0x000000070cb00000|100%| E|CS|TAMS 0x000000070ca00000, 0x000000070ca00000| Complete 
| 183|0x000000070cb00000, 0x000000070cc00000, 0x000000070cc00000|100%| E|CS|TAMS 0x000000070cb00000, 0x000000070cb00000| Complete 
| 184|0x000000070cc00000, 0x000000070cd00000, 0x000000070cd00000|100%| E|CS|TAMS 0x000000070cc00000, 0x000000070cc00000| Complete 
| 185|0x000000070cd00000, 0x000000070ce00000, 0x000000070ce00000|100%| E|CS|TAMS 0x000000070cd00000, 0x000000070cd00000| Complete 
| 186|0x000000070ce00000, 0x000000070cf00000, 0x000000070cf00000|100%| E|CS|TAMS 0x000000070ce00000, 0x000000070ce00000| Complete 
| 187|0x000000070cf00000, 0x000000070d000000, 0x000000070d000000|100%| E|CS|TAMS 0x000000070cf00000, 0x000000070cf00000| Complete 
| 188|0x000000070d000000, 0x000000070d100000, 0x000000070d100000|100%| E|CS|TAMS 0x000000070d000000, 0x000000070d000000| Complete 
| 189|0x000000070d100000, 0x000000070d200000, 0x000000070d200000|100%| E|CS|TAMS 0x000000070d100000, 0x000000070d100000| Complete 
| 190|0x000000070d200000, 0x000000070d300000, 0x000000070d300000|100%| E|CS|TAMS 0x000000070d200000, 0x000000070d200000| Complete 
| 191|0x000000070d300000, 0x000000070d400000, 0x000000070d400000|100%| E|CS|TAMS 0x000000070d300000, 0x000000070d300000| Complete 
| 192|0x000000070d400000, 0x000000070d500000, 0x000000070d500000|100%| E|CS|TAMS 0x000000070d400000, 0x000000070d400000| Complete 
| 193|0x000000070d500000, 0x000000070d600000, 0x000000070d600000|100%| E|CS|TAMS 0x000000070d500000, 0x000000070d500000| Complete 
| 194|0x000000070d600000, 0x000000070d700000, 0x000000070d700000|100%| E|CS|TAMS 0x000000070d600000, 0x000000070d600000| Complete 
| 195|0x000000070d700000, 0x000000070d800000, 0x000000070d800000|100%| E|CS|TAMS 0x000000070d700000, 0x000000070d700000| Complete 
| 196|0x000000070d800000, 0x000000070d900000, 0x000000070d900000|100%| E|CS|TAMS 0x000000070d800000, 0x000000070d800000| Complete 
| 197|0x000000070d900000, 0x000000070da00000, 0x000000070da00000|100%| E|CS|TAMS 0x000000070d900000, 0x000000070d900000| Complete 
| 198|0x000000070da00000, 0x000000070db00000, 0x000000070db00000|100%| E|CS|TAMS 0x000000070da00000, 0x000000070da00000| Complete 
| 199|0x000000070db00000, 0x000000070dc00000, 0x000000070dc00000|100%| E|CS|TAMS 0x000000070db00000, 0x000000070db00000| Complete 
| 200|0x000000070dc00000, 0x000000070dd00000, 0x000000070dd00000|100%| E|CS|TAMS 0x000000070dc00000, 0x000000070dc00000| Complete 
| 201|0x000000070dd00000, 0x000000070de00000, 0x000000070de00000|100%| E|CS|TAMS 0x000000070dd00000, 0x000000070dd00000| Complete 
| 202|0x000000070de00000, 0x000000070df00000, 0x000000070df00000|100%| E|CS|TAMS 0x000000070de00000, 0x000000070de00000| Complete 
| 203|0x000000070df00000, 0x000000070e000000, 0x000000070e000000|100%| E|CS|TAMS 0x000000070df00000, 0x000000070df00000| Complete 
| 204|0x000000070e000000, 0x000000070e100000, 0x000000070e100000|100%| E|CS|TAMS 0x000000070e000000, 0x000000070e000000| Complete 
| 205|0x000000070e100000, 0x000000070e200000, 0x000000070e200000|100%| E|CS|TAMS 0x000000070e100000, 0x000000070e100000| Complete 
| 206|0x000000070e200000, 0x000000070e300000, 0x000000070e300000|100%| E|CS|TAMS 0x000000070e200000, 0x000000070e200000| Complete 
| 207|0x000000070e300000, 0x000000070e400000, 0x000000070e400000|100%| E|CS|TAMS 0x000000070e300000, 0x000000070e300000| Complete 
| 208|0x000000070e400000, 0x000000070e500000, 0x000000070e500000|100%| E|CS|TAMS 0x000000070e400000, 0x000000070e400000| Complete 
| 209|0x000000070e500000, 0x000000070e600000, 0x000000070e600000|100%| E|CS|TAMS 0x000000070e500000, 0x000000070e500000| Complete 
| 210|0x000000070e600000, 0x000000070e700000, 0x000000070e700000|100%| E|CS|TAMS 0x000000070e600000, 0x000000070e600000| Complete 
| 211|0x000000070e700000, 0x000000070e800000, 0x000000070e800000|100%| E|CS|TAMS 0x000000070e700000, 0x000000070e700000| Complete 
| 212|0x000000070e800000, 0x000000070e900000, 0x000000070e900000|100%| E|CS|TAMS 0x000000070e800000, 0x000000070e800000| Complete 
| 213|0x000000070e900000, 0x000000070ea00000, 0x000000070ea00000|100%| E|CS|TAMS 0x000000070e900000, 0x000000070e900000| Complete 
| 214|0x000000070ea00000, 0x000000070eb00000, 0x000000070eb00000|100%| E|CS|TAMS 0x000000070ea00000, 0x000000070ea00000| Complete 
| 215|0x000000070eb00000, 0x000000070ec00000, 0x000000070ec00000|100%| E|CS|TAMS 0x000000070eb00000, 0x000000070eb00000| Complete 
| 216|0x000000070ec00000, 0x000000070ed00000, 0x000000070ed00000|100%| E|CS|TAMS 0x000000070ec00000, 0x000000070ec00000| Complete 
| 217|0x000000070ed00000, 0x000000070ee00000, 0x000000070ee00000|100%| E|CS|TAMS 0x000000070ed00000, 0x000000070ed00000| Complete 
| 218|0x000000070ee00000, 0x000000070ef00000, 0x000000070ef00000|100%| E|CS|TAMS 0x000000070ee00000, 0x000000070ee00000| Complete 
| 219|0x000000070ef00000, 0x000000070f000000, 0x000000070f000000|100%| E|CS|TAMS 0x000000070ef00000, 0x000000070ef00000| Complete 
| 220|0x000000070f000000, 0x000000070f100000, 0x000000070f100000|100%| E|CS|TAMS 0x000000070f000000, 0x000000070f000000| Complete 
| 221|0x000000070f100000, 0x000000070f200000, 0x000000070f200000|100%| E|CS|TAMS 0x000000070f100000, 0x000000070f100000| Complete 
| 222|0x000000070f200000, 0x000000070f300000, 0x000000070f300000|100%| E|CS|TAMS 0x000000070f200000, 0x000000070f200000| Complete 
| 223|0x000000070f300000, 0x000000070f400000, 0x000000070f400000|100%| E|CS|TAMS 0x000000070f300000, 0x000000070f300000| Complete 
| 224|0x000000070f400000, 0x000000070f500000, 0x000000070f500000|100%| E|CS|TAMS 0x000000070f400000, 0x000000070f400000| Complete 
| 225|0x000000070f500000, 0x000000070f600000, 0x000000070f600000|100%| E|CS|TAMS 0x000000070f500000, 0x000000070f500000| Complete 
| 226|0x000000070f600000, 0x000000070f700000, 0x000000070f700000|100%| E|CS|TAMS 0x000000070f600000, 0x000000070f600000| Complete 
| 227|0x000000070f700000, 0x000000070f800000, 0x000000070f800000|100%| E|CS|TAMS 0x000000070f700000, 0x000000070f700000| Complete 
| 228|0x000000070f800000, 0x000000070f900000, 0x000000070f900000|100%| E|CS|TAMS 0x000000070f800000, 0x000000070f800000| Complete 
| 229|0x000000070f900000, 0x000000070fa00000, 0x000000070fa00000|100%| E|CS|TAMS 0x000000070f900000, 0x000000070f900000| Complete 
| 230|0x000000070fa00000, 0x000000070fb00000, 0x000000070fb00000|100%| E|CS|TAMS 0x000000070fa00000, 0x000000070fa00000| Complete 
| 231|0x000000070fb00000, 0x000000070fc00000, 0x000000070fc00000|100%| E|CS|TAMS 0x000000070fb00000, 0x000000070fb00000| Complete 
| 232|0x000000070fc00000, 0x000000070fd00000, 0x000000070fd00000|100%| E|CS|TAMS 0x000000070fc00000, 0x000000070fc00000| Complete 
| 233|0x000000070fd00000, 0x000000070fe00000, 0x000000070fe00000|100%| E|CS|TAMS 0x000000070fd00000, 0x000000070fd00000| Complete 
| 234|0x000000070fe00000, 0x000000070ff00000, 0x000000070ff00000|100%| E|CS|TAMS 0x000000070fe00000, 0x000000070fe00000| Complete 
| 235|0x000000070ff00000, 0x0000000710000000, 0x0000000710000000|100%| E|CS|TAMS 0x000000070ff00000, 0x000000070ff00000| Complete 
| 236|0x0000000710000000, 0x0000000710100000, 0x0000000710100000|100%| E|CS|TAMS 0x0000000710000000, 0x0000000710000000| Complete 
| 237|0x0000000710100000, 0x0000000710200000, 0x0000000710200000|100%| E|CS|TAMS 0x0000000710100000, 0x0000000710100000| Complete 
| 238|0x0000000710200000, 0x0000000710300000, 0x0000000710300000|100%| E|CS|TAMS 0x0000000710200000, 0x0000000710200000| Complete 
| 239|0x0000000710300000, 0x0000000710400000, 0x0000000710400000|100%| E|CS|TAMS 0x0000000710300000, 0x0000000710300000| Complete 
| 240|0x0000000710400000, 0x0000000710500000, 0x0000000710500000|100%| E|CS|TAMS 0x0000000710400000, 0x0000000710400000| Complete 
| 241|0x0000000710500000, 0x0000000710600000, 0x0000000710600000|100%| E|CS|TAMS 0x0000000710500000, 0x0000000710500000| Complete 
| 242|0x0000000710600000, 0x0000000710700000, 0x0000000710700000|100%| E|CS|TAMS 0x0000000710600000, 0x0000000710600000| Complete 
| 243|0x0000000710700000, 0x0000000710800000, 0x0000000710800000|100%| E|CS|TAMS 0x0000000710700000, 0x0000000710700000| Complete 
| 244|0x0000000710800000, 0x0000000710900000, 0x0000000710900000|100%| E|CS|TAMS 0x0000000710800000, 0x0000000710800000| Complete 
| 245|0x0000000710900000, 0x0000000710a00000, 0x0000000710a00000|100%| E|CS|TAMS 0x0000000710900000, 0x0000000710900000| Complete 
| 246|0x0000000710a00000, 0x0000000710b00000, 0x0000000710b00000|100%| E|CS|TAMS 0x0000000710a00000, 0x0000000710a00000| Complete 
| 247|0x0000000710b00000, 0x0000000710c00000, 0x0000000710c00000|100%| E|CS|TAMS 0x0000000710b00000, 0x0000000710b00000| Complete 
| 248|0x0000000710c00000, 0x0000000710d00000, 0x0000000710d00000|100%| E|CS|TAMS 0x0000000710c00000, 0x0000000710c00000| Complete 
| 249|0x0000000710d00000, 0x0000000710e00000, 0x0000000710e00000|100%| E|CS|TAMS 0x0000000710d00000, 0x0000000710d00000| Complete 
| 250|0x0000000710e00000, 0x0000000710f00000, 0x0000000710f00000|100%| E|CS|TAMS 0x0000000710e00000, 0x0000000710e00000| Complete 
| 251|0x0000000710f00000, 0x0000000711000000, 0x0000000711000000|100%| E|CS|TAMS 0x0000000710f00000, 0x0000000710f00000| Complete 
| 252|0x0000000711000000, 0x0000000711100000, 0x0000000711100000|100%| E|CS|TAMS 0x0000000711000000, 0x0000000711000000| Complete 
| 253|0x0000000711100000, 0x0000000711200000, 0x0000000711200000|100%| E|CS|TAMS 0x0000000711100000, 0x0000000711100000| Complete 
| 254|0x0000000711200000, 0x0000000711300000, 0x0000000711300000|100%| E|CS|TAMS 0x0000000711200000, 0x0000000711200000| Complete 
| 255|0x0000000711300000, 0x0000000711400000, 0x0000000711400000|100%| E|CS|TAMS 0x0000000711300000, 0x0000000711300000| Complete 

Card table byte_map: [0x0000024367340000,0x0000024367b40000] _byte_map_base: 0x0000024363b36000

Marking Bits (Prev, Next): (CMBitMap*) 0x000002434d103bd8, (CMBitMap*) 0x000002434d103c18
 Prev Bits: [0x0000024368340000, 0x000002436c2f0000)
 Next Bits: [0x000002436c2f0000, 0x00000243702a0000)

Polling page: 0x000002434d180000

Metaspace:

Usage:
  Non-class:      9.15 MB capacity,     6.69 MB ( 73%) used,     2.45 MB ( 27%) free+waste,    10.63 KB ( <1%) overhead. 
      Class:    639.00 KB capacity,   344.14 KB ( 54%) used,   290.80 KB ( 46%) free+waste,     4.06 KB ( <1%) overhead. 
       Both:      9.77 MB capacity,     7.02 MB ( 72%) used,     2.74 MB ( 28%) free+waste,    14.69 KB ( <1%) overhead. 

Virtual space:
  Non-class space:       10.00 MB reserved,       9.25 MB ( 93%) committed 
      Class space:        1.00 GB reserved,     640.00 KB ( <1%) committed 
             Both:        1.01 GB reserved,       9.88 MB ( <1%) committed 

Chunk freelists:
   Non-Class:  40.00 KB
       Class:  1.00 KB
        Both:  41.00 KB

MaxMetaspaceSize: 17179869184.00 GB
CompressedClassSpaceSize: 1.00 GB

CodeHeap 'non-profiled nmethods': size=120000Kb used=536Kb max_used=536Kb free=119463Kb
 bounds [0x000002435edc0000, 0x000002435f030000, 0x00000243662f0000]
CodeHeap 'profiled nmethods': size=120000Kb used=1794Kb max_used=1794Kb free=118206Kb
 bounds [0x0000024357890000, 0x0000024357b00000, 0x000002435edc0000]
CodeHeap 'non-nmethods': size=5760Kb used=1630Kb max_used=1655Kb free=4129Kb
 bounds [0x00000243572f0000, 0x0000024357560000, 0x0000024357890000]
 total_blobs=2050 nmethods=1026 adapters=937
 compilation: enabled
              stopped_count=0, restarted_count=0
 full_count=0

Compilation events (20 events):
Event: 19.213 Thread 0x00000243734a2000 1017       3       educanet.Game::setColors (37 bytes)
Event: 19.214 Thread 0x00000243734a2000 nmethod 1017 0x0000024357a49690 code [0x0000024357a49940, 0x0000024357a4a5d8]
Event: 19.264 Thread 0x0000024372c1b800 1018       4       java.nio.DirectByteBuffer$Deallocator::<init> (41 bytes)
Event: 19.264 Thread 0x0000024372c1b800 nmethod 1018 0x000002435ee40610 code [0x000002435ee40780, 0x000002435ee407f8]
Event: 19.265 Thread 0x0000024372c1b800 1019       4       org.lwjgl.system.APIUtil::apiCheckAllocation (46 bytes)
Event: 19.266 Thread 0x0000024372c1b800 nmethod 1019 0x000002435ee40910 code [0x000002435ee40a80, 0x000002435ee40ab8]
Event: 19.266 Thread 0x0000024372c1b800 1020   !   4       java.nio.DirectFloatBufferU::put (192 bytes)
Event: 19.268 Thread 0x0000024372c1b800 nmethod 1020 0x000002435ee40c10 code [0x000002435ee40e40, 0x000002435ee41318]
Event: 19.354 Thread 0x0000024372c1b800 1021       4       java.nio.DirectByteBuffer::asFloatBuffer (179 bytes)
Event: 19.357 Thread 0x0000024372c1b800 nmethod 1021 0x000002435ee41790 code [0x000002435ee41980, 0x000002435ee41f18]
Event: 19.428 Thread 0x0000024372c1b800 1022       4       java.nio.MappedByteBuffer::position (6 bytes)
Event: 19.429 Thread 0x0000024372c1b800 nmethod 1022 0x000002435ee42310 code [0x000002435ee424c0, 0x000002435ee425f8]
Event: 19.984 Thread 0x00000243734a2000 1023 %     3       educanet.Main::main @ 82 (140 bytes)
Event: 19.985 Thread 0x00000243734a2000 nmethod 1023% 0x0000024357a4ab90 code [0x0000024357a4b060, 0x0000024357a4cf48]
Event: 20.411 Thread 0x00000243734a2000 1024       3       educanet.Main::main (140 bytes)
Event: 20.412 Thread 0x00000243734a2000 nmethod 1024 0x0000024357a4da10 code [0x0000024357a4dee0, 0x0000024357a4fd68]
Event: 20.950 Thread 0x0000024372c1b800 1025       4       educanet.Game::setColors (37 bytes)
Event: 20.968 Thread 0x0000024372c1b800 nmethod 1025 0x000002435ee42710 code [0x000002435ee42a60, 0x000002435ee43e10]
Event: 21.506 Thread 0x0000024372c1b800 1026       4       educanet.Game::update (163 bytes)
Event: 21.517 Thread 0x0000024372c1b800 nmethod 1026 0x000002435ee44b10 code [0x000002435ee44e80, 0x000002435ee45c38]

GC Heap History (8 events):
Event: 1.579 GC heap before
{Heap before GC invocations=0 (full 0):
 garbage-first heap   total 262144K, used 20480K [0x0000000701400000, 0x0000000800000000)
  region size 1024K, 21 young (21504K), 0 survivors (0K)
 Metaspace       used 7095K, capacity 9935K, committed 10112K, reserved 1058816K
  class space    used 344K, capacity 639K, committed 640K, reserved 1048576K
}
Event: 1.581 GC heap after
{Heap after GC invocations=1 (full 0):
 garbage-first heap   total 262144K, used 2041K [0x0000000701400000, 0x0000000800000000)
  region size 1024K, 2 young (2048K), 2 survivors (2048K)
 Metaspace       used 7095K, capacity 9935K, committed 10112K, reserved 1058816K
  class space    used 344K, capacity 639K, committed 640K, reserved 1048576K
}
Event: 3.260 GC heap before
{Heap before GC invocations=1 (full 0):
 garbage-first heap   total 262144K, used 31737K [0x0000000701400000, 0x0000000800000000)
  region size 1024K, 31 young (31744K), 2 survivors (2048K)
 Metaspace       used 7171K, capacity 10006K, committed 10112K, reserved 1058816K
  class space    used 344K, capacity 639K, committed 640K, reserved 1048576K
}
Event: 3.262 GC heap after
{Heap after GC invocations=2 (full 0):
 garbage-first heap   total 262144K, used 2393K [0x0000000701400000, 0x0000000800000000)
  region size 1024K, 3 young (3072K), 3 survivors (3072K)
 Metaspace       used 7171K, capacity 10006K, committed 10112K, reserved 1058816K
  class space    used 344K, capacity 639K, committed 640K, reserved 1048576K
}
Event: 11.381 GC heap before
{Heap before GC invocations=2 (full 0):
 garbage-first heap   total 262144K, used 155993K [0x0000000701400000, 0x0000000800000000)
  region size 1024K, 153 young (156672K), 3 survivors (3072K)
 Metaspace       used 7174K, capacity 10006K, committed 10112K, reserved 1058816K
  class space    used 344K, capacity 639K, committed 640K, reserved 1048576K
}
Event: 11.386 GC heap after
{Heap after GC invocations=3 (full 0):
 garbage-first heap   total 262144K, used 3607K [0x0000000701400000, 0x0000000800000000)
  region size 1024K, 4 young (4096K), 4 survivors (4096K)
 Metaspace       used 7174K, capacity 10006K, committed 10112K, reserved 1058816K
  class space    used 344K, capacity 639K, committed 640K, reserved 1048576K
}
Event: 19.162 GC heap before
{Heap before GC invocations=3 (full 0):
 garbage-first heap   total 262144K, used 156183K [0x0000000701400000, 0x0000000800000000)
  region size 1024K, 153 young (156672K), 4 survivors (4096K)
 Metaspace       used 7174K, capacity 10006K, committed 10112K, reserved 1058816K
  class space    used 344K, capacity 639K, committed 640K, reserved 1048576K
}
Event: 19.168 GC heap after
{Heap after GC invocations=4 (full 0):
 garbage-first heap   total 262144K, used 3880K [0x0000000701400000, 0x0000000800000000)
  region size 1024K, 4 young (4096K), 4 survivors (4096K)
 Metaspace       used 7174K, capacity 10006K, committed 10112K, reserved 1058816K
  class space    used 344K, capacity 639K, committed 640K, reserved 1048576K
}

Deoptimization events (20 events):
Event: 9.240 Thread 0x000002434d09b000 Uncommon trap: trap_request=0xffffff45 fr.pc=0x000002435ee31890 relative=0x0000000000000470
Event: 9.240 Thread 0x000002434d09b000 Uncommon trap: reason=unstable_if action=reinterpret pc=0x000002435ee31890 method=jdk.internal.math.FloatingDecimal$BinaryToASCIIBuffer.getChars([C)I @ 210 c2
Event: 9.240 Thread 0x000002434d09b000 DEOPT PACKING pc=0x000002435ee31890 sp=0x00000051be2ff0e0
Event: 9.240 Thread 0x000002434d09b000 DEOPT UNPACKING pc=0x000002435733912f sp=0x00000051be2ff090 mode 2
Event: 10.849 Thread 0x000002434d09b000 Uncommon trap: trap_request=0xffffff3d fr.pc=0x000002435ee386bc relative=0x0000000000001dfc
Event: 10.849 Thread 0x000002434d09b000 Uncommon trap: reason=unstable_fused_if action=reinterpret pc=0x000002435ee386bc method=jdk.internal.math.FloatingDecimal$BinaryToASCIIBuffer.dtoa(IJIZ)V @ 898 c2
Event: 10.849 Thread 0x000002434d09b000 DEOPT PACKING pc=0x000002435ee386bc sp=0x00000051be2ff0f0
Event: 10.849 Thread 0x000002434d09b000 DEOPT UNPACKING pc=0x000002435733912f sp=0x00000051be2fefb0 mode 2
Event: 19.172 Thread 0x000002434d09b000 Uncommon trap: trap_request=0xffffff45 fr.pc=0x000002435ee29400 relative=0x00000000000022e0
Event: 19.172 Thread 0x000002434d09b000 Uncommon trap: reason=unstable_if action=reinterpret pc=0x000002435ee29400 method=java.nio.Bits.tryReserveMemory(JI)Z @ 29 c2
Event: 19.172 Thread 0x000002434d09b000 DEOPT PACKING pc=0x000002435ee29400 sp=0x00000051be2ff1d0
Event: 19.172 Thread 0x000002434d09b000 DEOPT UNPACKING pc=0x000002435733912f sp=0x00000051be2fee70 mode 2
Event: 19.172 Thread 0x000002434d09b000 Uncommon trap: trap_request=0xffffff45 fr.pc=0x000002435ee2c73c relative=0x0000000000000fdc
Event: 19.172 Thread 0x000002434d09b000 Uncommon trap: reason=unstable_if action=reinterpret pc=0x000002435ee2c73c method=java.nio.Bits.tryReserveMemory(JI)Z @ 29 c2
Event: 19.172 Thread 0x000002434d09b000 DEOPT PACKING pc=0x000002435ee2c73c sp=0x00000051be2ff170
Event: 19.172 Thread 0x000002434d09b000 DEOPT UNPACKING pc=0x000002435733912f sp=0x00000051be2fee70 mode 2
Event: 23.121 Thread 0x000002434d09b000 DEOPT PACKING pc=0x0000024357a4cbe7 sp=0x00000051be2ff190
Event: 23.121 Thread 0x000002434d09b000 DEOPT UNPACKING pc=0x000002435733964e sp=0x00000051be2fe738 mode 0
Event: 26.036 Thread 0x000002434d09b000 DEOPT PACKING pc=0x0000024357a4cbe7 sp=0x00000051be2ff190
Event: 26.036 Thread 0x000002434d09b000 DEOPT UNPACKING pc=0x000002435733964e sp=0x00000051be2fe738 mode 0

Classes unloaded (0 events):
No events

Classes redefined (0 events):
No events

Internal exceptions (11 events):
Event: 0.084 Thread 0x000002434d09b000 Exception <a 'java/lang/NoSuchMethodError'{0x00000007111cb8f8}: 'void java.lang.invoke.DelegatingMethodHandle$Holder.delegate(java.lang.Object, java.lang.Object, int, java.lang.Object)'> (0x00000007111cb8f8) 
thrown [./src/hotspot/share/interpreter/linkResolver.cpp, line 766]
Event: 0.085 Thread 0x000002434d09b000 Exception <a 'java/lang/NoSuchMethodError'{0x00000007111d2350}: 'java.lang.Object java.lang.invoke.DirectMethodHandle$Holder.invokeStaticInit(java.lang.Object, java.lang.Object, java.lang.Object)'> (0x00000007111d2350) 
thrown [./src/hotspot/share/interpreter/linkResolver.cpp, line 766]
Event: 0.111 Thread 0x000002434d09b000 Exception <a 'sun/nio/fs/WindowsException'{0x00000007110a4a80}> (0x00000007110a4a80) 
thrown [./src/hotspot/share/prims/jni.cpp, line 599]
Event: 0.111 Thread 0x000002434d09b000 Exception <a 'sun/nio/fs/WindowsException'{0x00000007110a4fc0}> (0x00000007110a4fc0) 
thrown [./src/hotspot/share/prims/jni.cpp, line 599]
Event: 0.117 Thread 0x000002434d09b000 Exception <a 'sun/nio/fs/WindowsException'{0x00000007110cf138}> (0x00000007110cf138) 
thrown [./src/hotspot/share/prims/jni.cpp, line 599]
Event: 0.117 Thread 0x000002434d09b000 Exception <a 'sun/nio/fs/WindowsException'{0x00000007110cf490}> (0x00000007110cf490) 
thrown [./src/hotspot/share/prims/jni.cpp, line 599]
Event: 0.390 Thread 0x000002434d09b000 Exception <a 'sun/nio/fs/WindowsException'{0x0000000710e3bd48}> (0x0000000710e3bd48) 
thrown [./src/hotspot/share/prims/jni.cpp, line 599]
Event: 0.390 Thread 0x000002434d09b000 Exception <a 'sun/nio/fs/WindowsException'{0x0000000710e3c0d8}> (0x0000000710e3c0d8) 
thrown [./src/hotspot/share/prims/jni.cpp, line 599]
Event: 0.393 Thread 0x000002434d09b000 Exception <a 'sun/nio/fs/WindowsException'{0x0000000710e5a8c0}> (0x0000000710e5a8c0) 
thrown [./src/hotspot/share/prims/jni.cpp, line 599]
Event: 0.393 Thread 0x000002434d09b000 Exception <a 'sun/nio/fs/WindowsException'{0x0000000710e5ab90}> (0x0000000710e5ab90) 
thrown [./src/hotspot/share/prims/jni.cpp, line 599]
Event: 0.514 Thread 0x000002434d09b000 Exception <a 'java/lang/NoSuchMethodError'{0x00000007105f3e18}: 'void java.lang.invoke.DirectMethodHandle$Holder.invokeStatic(java.lang.Object, long, int, int)'> (0x00000007105f3e18) 
thrown [./src/hotspot/share/interpreter/linkResolver.cpp, line 766]

Events (20 events):
Event: 1.583 Executing VM operation: HandshakeOneThread done
Event: 1.583 Executing VM operation: HandshakeOneThread
Event: 1.583 Executing VM operation: HandshakeOneThread done
Event: 1.583 Executing VM operation: HandshakeOneThread
Event: 1.583 Executing VM operation: HandshakeOneThread done
Event: 1.583 Executing VM operation: HandshakeOneThread
Event: 1.583 Executing VM operation: HandshakeOneThread done
Event: 1.583 Executing VM operation: HandshakeOneThread
Event: 1.583 Executing VM operation: HandshakeOneThread done
Event: 1.583 Executing VM operation: HandshakeOneThread
Event: 1.583 Executing VM operation: HandshakeOneThread done
Event: 2.005 Loaded shared library C:\Users\jan\AppData\Local\Temp\lwjgljan\3.2.3-build-13\lwjgl_opengl.dll
Event: 2.055 Loaded shared library C:\Users\jan\AppData\Local\Temp\lwjgljan\3.2.3-build-13\lwjgl_opengl.dll
Event: 2.059 Loaded shared library C:\Users\jan\AppData\Local\Temp\lwjgljan\3.2.3-build-13\lwjgl_opengl.dll
Event: 3.260 Executing VM operation: G1CollectForAllocation
Event: 3.262 Executing VM operation: G1CollectForAllocation done
Event: 11.381 Executing VM operation: G1CollectForAllocation
Event: 11.386 Executing VM operation: G1CollectForAllocation done
Event: 19.162 Executing VM operation: G1CollectForAllocation
Event: 19.168 Executing VM operation: G1CollectForAllocation done


Dynamic libraries:
0x00007ff631580000 - 0x00007ff63158d000 	C:\Users\jan\.jdks\adopt-openjdk-14.0.2\bin\java.exe
0x00007ff8519b0000 - 0x00007ff851ba5000 	C:\Windows\SYSTEM32\ntdll.dll
0x00007ff8500e0000 - 0x00007ff85019d000 	C:\Windows\System32\KERNEL32.DLL
0x00007ff84f590000 - 0x00007ff84f858000 	C:\Windows\System32\KERNELBASE.dll
0x00007ff84f890000 - 0x00007ff84f990000 	C:\Windows\System32\ucrtbase.dll
0x00007ff845aa0000 - 0x00007ff845ab5000 	C:\Users\jan\.jdks\adopt-openjdk-14.0.2\bin\VCRUNTIME140.dll
0x00007ff845ac0000 - 0x00007ff845ad8000 	C:\Users\jan\.jdks\adopt-openjdk-14.0.2\bin\jli.dll
0x00007ff850350000 - 0x00007ff8504f0000 	C:\Windows\System32\USER32.dll
0x00007ff84f860000 - 0x00007ff84f882000 	C:\Windows\System32\win32u.dll
0x00007ff841580000 - 0x00007ff84181a000 	C:\Windows\WinSxS\amd64_microsoft.windows.common-controls_6595b64144ccf1df_6.0.19041.844_none_ca00b6081b84eb1d\COMCTL32.dll
0x00007ff84feb0000 - 0x00007ff84feda000 	C:\Windows\System32\GDI32.dll
0x00007ff84f220000 - 0x00007ff84f32b000 	C:\Windows\System32\gdi32full.dll
0x00007ff84fd60000 - 0x00007ff84fdfe000 	C:\Windows\System32\msvcrt.dll
0x00007ff84f330000 - 0x00007ff84f3cd000 	C:\Windows\System32\msvcp_win.dll
0x00007ff850c50000 - 0x00007ff850c80000 	C:\Windows\System32\IMM32.DLL
0x00007ff841210000 - 0x00007ff8412ab000 	C:\Users\jan\.jdks\adopt-openjdk-14.0.2\bin\msvcp140.dll
0x00007ffff0400000 - 0x00007ffff0f94000 	C:\Users\jan\.jdks\adopt-openjdk-14.0.2\bin\server\jvm.dll
0x00007ff84fe00000 - 0x00007ff84feac000 	C:\Windows\System32\ADVAPI32.dll
0x00007ff850d10000 - 0x00007ff850dab000 	C:\Windows\System32\sechost.dll
0x00007ff84fbd0000 - 0x00007ff84fcfb000 	C:\Windows\System32\RPCRT4.dll
0x00007ff850220000 - 0x00007ff850228000 	C:\Windows\System32\PSAPI.DLL
0x00007ff848780000 - 0x00007ff84878a000 	C:\Windows\SYSTEM32\VERSION.dll
0x00007ff8464f0000 - 0x00007ff846517000 	C:\Windows\SYSTEM32\WINMM.dll
0x00007ff84ac90000 - 0x00007ff84ac99000 	C:\Windows\SYSTEM32\WSOCK32.dll
0x00007ff850230000 - 0x00007ff85029b000 	C:\Windows\System32\WS2_32.dll
0x00007ff84d050000 - 0x00007ff84d062000 	C:\Windows\SYSTEM32\kernel.appcore.dll
0x00007ff845a40000 - 0x00007ff845a4a000 	C:\Users\jan\.jdks\adopt-openjdk-14.0.2\bin\jimage.dll
0x00007ff846730000 - 0x00007ff846914000 	C:\Windows\SYSTEM32\DBGHELP.DLL
0x00007ff846700000 - 0x00007ff84672c000 	C:\Windows\SYSTEM32\dbgcore.DLL
0x00007ff84f1a0000 - 0x00007ff84f220000 	C:\Windows\System32\bcryptPrimitives.dll
0x00007ff8411e0000 - 0x00007ff841205000 	C:\Users\jan\.jdks\adopt-openjdk-14.0.2\bin\java.dll
0x00007ff8411c0000 - 0x00007ff8411d6000 	C:\Users\jan\.jdks\adopt-openjdk-14.0.2\bin\zip.dll
0x00007ff8504f0000 - 0x00007ff850c32000 	C:\Windows\System32\SHELL32.dll
0x00007ff84d250000 - 0x00007ff84d9e1000 	C:\Windows\SYSTEM32\windows.storage.dll
0x00007ff851610000 - 0x00007ff851965000 	C:\Windows\System32\combase.dll
0x00007ff84eb60000 - 0x00007ff84eb8c000 	C:\Windows\SYSTEM32\Wldp.dll
0x00007ff84ff60000 - 0x00007ff85000e000 	C:\Windows\System32\SHCORE.dll
0x00007ff850f40000 - 0x00007ff850f95000 	C:\Windows\System32\shlwapi.dll
0x00007ff84f030000 - 0x00007ff84f04f000 	C:\Windows\SYSTEM32\profapi.dll
0x00007ff8411a0000 - 0x00007ff8411b9000 	C:\Users\jan\.jdks\adopt-openjdk-14.0.2\bin\net.dll
0x00007ff8473b0000 - 0x00007ff8474bb000 	C:\Windows\SYSTEM32\WINHTTP.dll
0x00007ff84e8d0000 - 0x00007ff84e93a000 	C:\Windows\system32\mswsock.dll
0x00007ff841180000 - 0x00007ff841192000 	C:\Users\jan\.jdks\adopt-openjdk-14.0.2\bin\nio.dll
0x00007ff83eac0000 - 0x00007ff83eb24000 	C:\Users\jan\AppData\Local\Temp\lwjgljan\3.2.3-build-13\lwjgl.dll
0x00007ff83dac0000 - 0x00007ff83db22000 	C:\Users\jan\AppData\Local\Temp\lwjgljan\3.2.3-build-13\glfw.dll
0x00007ff84cb90000 - 0x00007ff84cc2e000 	C:\Windows\system32\uxtheme.dll
0x00007ff841000000 - 0x00007ff841045000 	C:\Windows\SYSTEM32\dinput8.dll
0x00007ff841ca0000 - 0x00007ff841cb1000 	C:\Windows\SYSTEM32\xinput1_4.dll
0x00007ff84f9c0000 - 0x00007ff84fa0e000 	C:\Windows\System32\cfgmgr32.dll
0x00007ff84eea0000 - 0x00007ff84eecc000 	C:\Windows\SYSTEM32\DEVOBJ.dll
0x00007ff84ce70000 - 0x00007ff84ce9f000 	C:\Windows\SYSTEM32\dwmapi.dll
0x00007ff83fd20000 - 0x00007ff83fe72000 	C:\Windows\SYSTEM32\inputhost.dll
0x00007ff850010000 - 0x00007ff8500dd000 	C:\Windows\System32\OLEAUT32.dll
0x00007ff84c6b0000 - 0x00007ff84c7a2000 	C:\Windows\SYSTEM32\CoreMessaging.dll
0x00007ff84ad30000 - 0x00007ff84ae27000 	C:\Windows\SYSTEM32\PROPSYS.dll
0x00007ff84bc80000 - 0x00007ff84bdd4000 	C:\Windows\SYSTEM32\wintypes.dll
0x00007ff84c350000 - 0x00007ff84c6ae000 	C:\Windows\SYSTEM32\CoreUIComponents.dll
0x00007ff84de30000 - 0x00007ff84de63000 	C:\Windows\SYSTEM32\ntmarta.dll
0x00007ff851410000 - 0x00007ff851525000 	C:\Windows\System32\MSCTF.dll
0x00007ff84d9f0000 - 0x00007ff84d9fd000 	C:\Windows\SYSTEM32\HID.DLL
0x00007ff850fa0000 - 0x00007ff851409000 	C:\Windows\System32\SETUPAPI.DLL
0x00007ff84f990000 - 0x00007ff84f9b7000 	C:\Windows\System32\bcrypt.dll
0x00007ff84f3d0000 - 0x00007ff84f430000 	C:\Windows\System32\WINTRUST.dll
0x00007ff84f430000 - 0x00007ff84f58f000 	C:\Windows\System32\CRYPT32.dll
0x00007ff84ece0000 - 0x00007ff84ecf2000 	C:\Windows\SYSTEM32\MSASN1.dll
0x00007ff828bd0000 - 0x00007ff828cf6000 	C:\Windows\SYSTEM32\opengl32.dll
0x00007ff829180000 - 0x00007ff8291ac000 	C:\Windows\SYSTEM32\GLU32.dll
0x00007ff8502a0000 - 0x00007ff850349000 	C:\Windows\System32\clbcatq.dll
0x00007ff81d560000 - 0x00007ff81d58a000 	C:\Windows\System32\DriverStore\FileRepository\u0359518.inf_amd64_ddc5c961c2795261\B359297\atig6pxx.dll
0x00007fffcf550000 - 0x00007fffd2263000 	C:\Windows\System32\DriverStore\FileRepository\u0359518.inf_amd64_ddc5c961c2795261\B359297\atio6axx.dll
0x00007ff850e10000 - 0x00007ff850f3a000 	C:\Windows\System32\ole32.dll
0x00007ff83d8c0000 - 0x00007ff83d8e4000 	C:\Windows\SYSTEM32\dxva2.dll
0x00007ff81b1d0000 - 0x00007ff81b20c000 	C:\Windows\System32\DriverStore\FileRepository\u0359518.inf_amd64_ddc5c961c2795261\B359297\atig6txx.dll
0x00007ff815fb0000 - 0x00007ff81616c000 	C:\Windows\SYSTEM32\atiadlxx.dll
0x00007ff847370000 - 0x00007ff8473ab000 	C:\Windows\SYSTEM32\dxcore.dll
0x00007ff8404a0000 - 0x00007ff840599000 	C:\Windows\SYSTEM32\textinputframework.dll
0x00007ff83da60000 - 0x00007ff83dab9000 	C:\Users\jan\AppData\Local\Temp\lwjgljan\3.2.3-build-13\lwjgl_opengl.dll
0x00007ff841a60000 - 0x00007ff841a70000 	C:\Users\jan\.jdks\adopt-openjdk-14.0.2\bin\verify.dll

dbghelp: loaded successfully - version: 4.0.5 - missing functions: none
symbol engine: initialized successfully - sym options: 0x614 - pdb path: .;C:\Users\jan\.jdks\adopt-openjdk-14.0.2\bin;C:\Windows\SYSTEM32;C:\Windows\WinSxS\amd64_microsoft.windows.common-controls_6595b64144ccf1df_6.0.19041.844_none_ca00b6081b84eb1d;C:\Users\jan\.jdks\adopt-openjdk-14.0.2\bin\server;C:\Users\jan\AppData\Local\Temp\lwjgljan\3.2.3-build-13;C:\Windows\System32\DriverStore\FileRepository\u0359518.inf_amd64_ddc5c961c2795261\B359297

VM Arguments:
jvm_args: -Dfile.encoding=windows-1252 -Duser.country=US -Duser.language=en -Duser.variant 
java_command: educanet.Main
java_class_path (initial): C:\Users\jan\IdeaProjects\MATICE-FUNKCNI\Matrix\build\classes\java\main;C:\Users\jan\IdeaProjects\MATICE-FUNKCNI\Matrix\build\resources\main;C:\Users\jan\.gradle\caches\modules-2\files-2.1\org.lwjgl\lwjgl-assimp\3.2.3\f62aa07a20afbdd3097efc296c4841e0d29700eb\lwjgl-assimp-3.2.3.jar;C:\Users\jan\.gradle\caches\modules-2\files-2.1\org.lwjgl\lwjgl-assimp\3.2.3\4e60aeb75f0343c4a9ede4ef8b6b32ca702a00a3\lwjgl-assimp-3.2.3-natives-windows.jar;C:\Users\jan\.gradle\caches\modules-2\files-2.1\org.lwjgl\lwjgl-glfw\3.2.3\5e520d5c290c8b012545a8d34fa5db5ab051ea53\lwjgl-glfw-3.2.3.jar;C:\Users\jan\.gradle\caches\modules-2\files-2.1\org.lwjgl\lwjgl-glfw\3.2.3\b4d8a3477cdc2edcf7a5f1e822926be846223f54\lwjgl-glfw-3.2.3-natives-windows.jar;C:\Users\jan\.gradle\caches\modules-2\files-2.1\org.lwjgl\lwjgl-openal\3.2.3\106742e805803ab9eab8e343f0fb31a3d263903c\lwjgl-openal-3.2.3.jar;C:\Users\jan\.gradle\caches\modules-2\files-2.1\org.lwjgl\lwjgl-openal\3.2.3\ec898e8ce11b5886f4f532a1536283ef2817758d\lwjgl-openal-3.2.3-natives-windows.jar;C:\Users\jan\.gradle\caches\modules-2\files-2.1\org.lwjgl\lwjgl-opengl\3.2.3\bdd534a323d0c8f54969b95e424b6ac8984f7d6e\lwjgl-opengl-3.2.3.jar;C:\Users\jan\.gradle\caches\modules-2\files-2.1\org.lwjgl\lwjgl-opengl\3.2.3\e81cfc73ec8708e5e791ed770e4ec3edfc1bbab1\lwjgl-opengl-3.2.3-natives-windows.jar;C:\Users\jan\.gradle\caches\modules-2\files-2.1\org.lwjgl\lwjgl-stb\3.2.3\40eccaa4fa86fc815f2e17946a392fb5fdcc286a\lwjgl-stb-3.2.3.jar;C:\Users\jan\.gradle\caches\modules-2\files-2.1\org.lwjgl\lwjgl-stb\3.2.3\817b21ec286f0ba3dcedb56a3bd275e6a9345be9\lwjgl-stb-3.2.3-natives-windows.jar;C:\Users\jan\.gradle\caches\modules-2\files-2.1\org.lwjgl\lwjgl\3.2.3\17a59ba0fe8d474ec9dbe0d5db40d2cfe59c4c08\lwjgl-3.2.3.jar;C:\Users\jan\.gradle\caches\modules-2\files-2.1\org.lwjgl\lwjgl\3.2.3\27f32cd35349684745951e04388e8e00d681cdcd\lwjgl-3.2.3-natives-windows.jar;C:\Users\jan\.gradle\caches\modules-2\files-2.1\org.joml\joml\1.10.0\a29b8bf72dc1478e9ceea
Launcher Type: SUN_STANDARD

[Global flags]
     intx CICompilerCount                          = 3                                         {product} {ergonomic}
     uint ConcGCThreads                            = 2                                         {product} {ergonomic}
     uint G1ConcRefinementThreads                  = 6                                         {product} {ergonomic}
   size_t G1HeapRegionSize                         = 1048576                                   {product} {ergonomic}
    uintx GCDrainStackTargetSize                   = 64                                        {product} {ergonomic}
   size_t InitialHeapSize                          = 268435456                                 {product} {ergonomic}
   size_t MarkStackSize                            = 4194304                                   {product} {ergonomic}
   size_t MaxHeapSize                              = 4273995776                                {product} {ergonomic}
   size_t MaxNewSize                               = 2563768320                                {product} {ergonomic}
   size_t MinHeapDeltaBytes                        = 1048576                                   {product} {ergonomic}
   size_t MinHeapSize                              = 8388608                                   {product} {ergonomic}
    uintx NonNMethodCodeHeapSize                   = 5832780                                {pd product} {ergonomic}
    uintx NonProfiledCodeHeapSize                  = 122912730                              {pd product} {ergonomic}
    uintx ProfiledCodeHeapSize                     = 122912730                              {pd product} {ergonomic}
    uintx ReservedCodeCacheSize                    = 251658240                              {pd product} {ergonomic}
     bool SegmentedCodeCache                       = true                                      {product} {ergonomic}
   size_t SoftMaxHeapSize                          = 4273995776                             {manageable} {ergonomic}
     bool UseCompressedClassPointers               = true                                 {lp64_product} {ergonomic}
     bool UseCompressedOops                        = true                                 {lp64_product} {ergonomic}
     bool UseG1GC                                  = true                                      {product} {ergonomic}
     bool UseLargePagesIndividualAllocation        = false                                  {pd product} {ergonomic}

Logging:
Log output configuration:
 #0: stdout all=warning uptime,level,tags
 #1: stderr all=off uptime,level,tags

Environment Variables:
JAVA_HOME=C:\Users\jan\.jdks\openjdk-15.0.1
PATH=C:\Python39\Scripts\;C:\Python39\;C:\Windows\system32;C:\Windows;C:\Windows\System32\Wbem;C:\Windows\System32\WindowsPowerShell\v1.0\;C:\Windows\System32\OpenSSH\;C:\Program Files\nodejs\;C:\ProgramData\chocolatey\bin;C:\Program Files\Git\cmd;C:\Program Files\TortoiseGit\bin;C:\Users\jan\apache-maven-3.6.3\bin;C:\Users\jan\AppData\Local\Microsoft\WindowsApps;C:\Program Files\JetBrains\PhpStorm 2020.2.2\bin;;C:\Users\jan\AppData\Roaming\npm;C:\Program Files\JetBrains\IntelliJ IDEA 2020.2.3\bin;;C:\tools\dart-sdk\bin;C:\Users\jan\AppData\Roaming\Pub\Cache\bin;C:\Users\jan\apache-maven-3.6.3\bin;C:\Users\jan\AppData\Local\GitHubDesktop\bin;C:\Users\jan\AppData\Roaming\npm;C:\Users\jan\AppData\Roaming\npm\node_modules\@angular\cli\bin;
USERNAME=jan
OS=Windows_NT
PROCESSOR_IDENTIFIER=Intel64 Family 6 Model 158 Stepping 10, GenuineIntel



---------------  S Y S T E M  ---------------

OS: Windows 10 , 64 bit Build 19041 (10.0.19041.928)
OS uptime: 6 days 12:51 hours

CPU:total 6 (initial active 6) (6 cores per cpu, 1 threads per core) family 6 model 158 stepping 10, cmov, cx8, fxsr, mmx, sse, sse2, sse3, ssse3, sse4.1, sse4.2, popcnt, avx, avx2, aes, clmul, erms, 3dnowpref, lzcnt, tsc, tscinvbit, bmi1, bmi2, adx, fma

Memory: 4k page, system-wide physical 16300M (8236M free)
TotalPageFile size 25516M (AvailPageFile size 12580M)
current process WorkingSet (physical memory assigned to process): 239M, peak: 255M
current process commit charge ("private bytes"): 429M, peak: 447M

vm_info: OpenJDK 64-Bit Server VM (14.0.2+12) for windows-amd64 JRE (14.0.2+12), built on Jul 15 2020 11:30:16 by "" with MS VC++ 15.9 (VS2017)

END.
